2016-01-11 22:01:00 13176 [Note] Plugin 'FEDERATED' is disabled.
2016-01-11 22:01:00 13176 [Note] InnoDB: Using atomics to ref count buffer pool pages
2016-01-11 22:01:00 13176 [Note] InnoDB: The InnoDB memory heap is disabled
2016-01-11 22:01:00 13176 [Note] InnoDB: Mutexes and rw_locks use Windows interlocked functions
2016-01-11 22:01:00 13176 [Note] InnoDB: Memory barrier is not used
2016-01-11 22:01:00 13176 [Note] InnoDB: Compressed tables use zlib 1.2.3
2016-01-11 22:01:00 13176 [Note] InnoDB: Not using CPU crc32 instructions
2016-01-11 22:01:00 13176 [Note] InnoDB: Initializing buffer pool, size = 128.0M
2016-01-11 22:01:00 13176 [Note] InnoDB: Completed initialization of buffer pool
2016-01-11 22:01:00 13176 [Note] InnoDB: The first specified data file .\ibdata1 did not exist: a new database to be created!
2016-01-11 22:01:00 13176 [Note] InnoDB: Setting file .\ibdata1 size to 12 MB
2016-01-11 22:01:00 13176 [Note] InnoDB: Database physically writes the file full: wait...
2016-01-11 22:01:00 13176 [Note] InnoDB: Setting log file .\ib_logfile101 size to 48 MB
2016-01-11 22:01:01 13176 [Note] InnoDB: Setting log file .\ib_logfile1 size to 48 MB
2016-01-11 22:01:02 13176 [Note] InnoDB: Renaming log file .\ib_logfile101 to .\ib_logfile0
2016-01-11 22:01:02 13176 [Warning] InnoDB: New log files created, LSN=45781
2016-01-11 22:01:02 13176 [Note] InnoDB: Doublewrite buffer not found: creating new
2016-01-11 22:01:02 13176 [Note] InnoDB: Doublewrite buffer created
2016-01-11 22:01:02 13176 [Note] InnoDB: 128 rollback segment(s) are active.
2016-01-11 22:01:02 13176 [Warning] InnoDB: Creating foreign key constraint system tables.
2016-01-11 22:01:02 13176 [Note] InnoDB: Foreign key constraint system tables created
2016-01-11 22:01:02 13176 [Note] InnoDB: Creating tablespace and datafile system tables.
2016-01-11 22:01:02 13176 [Note] InnoDB: Tablespace and datafile system tables created.
2016-01-11 22:01:02 13176 [Note] InnoDB: Waiting for purge to start
2016-01-11 22:01:02 13176 [Note] InnoDB: 5.6.20 started; log sequence number 0
2016-01-11 22:01:02 13176 [Note] Server hostname (bind-address): '*'; port: 3306
2016-01-11 22:01:02 13176 [Note] IPv6 is available.
2016-01-11 22:01:02 13176 [Note]   - '::' resolves to '::';
2016-01-11 22:01:02 13176 [Note] Server socket created on IP: '::'.
2016-01-11 22:01:03 13176 [Warning] InnoDB: Cannot open table mysql/slave_master_info from the internal data dictionary of InnoDB though the .frm file for the table exists. See http://dev.mysql.com/doc/refman/5.6/en/innodb-troubleshooting.html for how you can resolve the problem.
2016-01-11 22:01:03 13176 [Warning] Info table is not ready to be used. Table 'mysql.slave_master_info' cannot be opened.
2016-01-11 22:01:03 13176 [Warning] InnoDB: Cannot open table mysql/slave_worker_info from the internal data dictionary of InnoDB though the .frm file for the table exists. See http://dev.mysql.com/doc/refman/5.6/en/innodb-troubleshooting.html for how you can resolve the problem.
2016-01-11 22:01:03 13176 [Warning] InnoDB: Cannot open table mysql/slave_relay_log_info from the internal data dictionary of InnoDB though the .frm file for the table exists. See http://dev.mysql.com/doc/refman/5.6/en/innodb-troubleshooting.html for how you can resolve the problem.
2016-01-11 22:01:03 13176 [Warning] Info table is not ready to be used. Table 'mysql.slave_relay_log_info' cannot be opened.
2016-01-11 22:01:05 13176 [Note] Event Scheduler: Loaded 0 events
2016-01-11 22:01:05 13176 [Note] C:\Users\Nadya\Downloads\tech\zips\UwAmp\UwAmp\bin\database\mysql-5.6.20\bin\mysqld.exe: ready for connections.
Version: '5.6.20-log'  socket: ''  port: 3306  MySQL Community Server (GPL)
2016-01-11 22:03:25 13176 [Note] C:\Users\Nadya\Downloads\tech\zips\UwAmp\UwAmp\bin\database\mysql-5.6.20\bin\mysqld.exe: Normal shutdown

2016-01-11 22:03:25 13176 [Note] Giving 0 client threads a chance to die gracefully
2016-01-11 22:03:25 13176 [Note] Event Scheduler: Purging the queue. 0 events
2016-01-11 22:03:25 13176 [Note] Shutting down slave threads
2016-01-11 22:03:25 13176 [Note] Forcefully disconnecting 0 remaining clients
2016-01-11 22:03:25 13176 [Note] Binlog end
2016-01-11 22:03:25 13176 [Note] Shutting down plugin 'partition'
2016-01-11 22:03:25 13176 [Note] Shutting down plugin 'PERFORMANCE_SCHEMA'
2016-01-11 22:03:25 13176 [Note] Shutting down plugin 'INNODB_SYS_DATAFILES'
2016-01-11 22:03:25 13176 [Note] Shutting down plugin 'INNODB_SYS_TABLESPACES'
2016-01-11 22:03:25 13176 [Note] Shutting down plugin 'INNODB_SYS_FOREIGN_COLS'
2016-01-11 22:03:25 13176 [Note] Shutting down plugin 'INNODB_SYS_FOREIGN'
2016-01-11 22:03:25 13176 [Note] Shutting down plugin 'INNODB_SYS_FIELDS'
2016-01-11 22:03:25 13176 [Note] Shutting down plugin 'INNODB_SYS_COLUMNS'
2016-01-11 22:03:25 13176 [Note] Shutting down plugin 'INNODB_SYS_INDEXES'
2016-01-11 22:03:25 13176 [Note] Shutting down plugin 'INNODB_SYS_TABLESTATS'
2016-01-11 22:03:25 13176 [Note] Shutting down plugin 'INNODB_SYS_TABLES'
2016-01-11 22:03:25 13176 [Note] Shutting down plugin 'INNODB_FT_INDEX_TABLE'
2016-01-11 22:03:25 13176 [Note] Shutting down plugin 'INNODB_FT_INDEX_CACHE'
2016-01-11 22:03:25 13176 [Note] Shutting down plugin 'INNODB_FT_CONFIG'
2016-01-11 22:03:25 13176 [Note] Shutting down plugin 'INNODB_FT_BEING_DELETED'
2016-01-11 22:03:25 13176 [Note] Shutting down plugin 'INNODB_FT_DELETED'
2016-01-11 22:03:25 13176 [Note] Shutting down plugin 'INNODB_FT_DEFAULT_STOPWORD'
2016-01-11 22:03:25 13176 [Note] Shutting down plugin 'INNODB_METRICS'
2016-01-11 22:03:25 13176 [Note] Shutting down plugin 'INNODB_BUFFER_POOL_STATS'
2016-01-11 22:03:25 13176 [Note] Shutting down plugin 'INNODB_BUFFER_PAGE_LRU'
2016-01-11 22:03:25 13176 [Note] Shutting down plugin 'INNODB_BUFFER_PAGE'
2016-01-11 22:03:25 13176 [Note] Shutting down plugin 'INNODB_CMP_PER_INDEX_RESET'
2016-01-11 22:03:25 13176 [Note] Shutting down plugin 'INNODB_CMP_PER_INDEX'
2016-01-11 22:03:25 13176 [Note] Shutting down plugin 'INNODB_CMPMEM_RESET'
2016-01-11 22:03:25 13176 [Note] Shutting down plugin 'INNODB_CMPMEM'
2016-01-11 22:03:25 13176 [Note] Shutting down plugin 'INNODB_CMP_RESET'
2016-01-11 22:03:25 13176 [Note] Shutting down plugin 'INNODB_CMP'
2016-01-11 22:03:25 13176 [Note] Shutting down plugin 'INNODB_LOCK_WAITS'
2016-01-11 22:03:25 13176 [Note] Shutting down plugin 'INNODB_LOCKS'
2016-01-11 22:03:25 13176 [Note] Shutting down plugin 'INNODB_TRX'
2016-01-11 22:03:25 13176 [Note] Shutting down plugin 'InnoDB'
2016-01-11 22:03:25 13176 [Note] InnoDB: FTS optimize thread exiting.
2016-01-11 22:03:25 13176 [Note] InnoDB: Starting shutdown...
2016-01-11 22:03:27 13176 [Note] InnoDB: Shutdown completed; log sequence number 1600607
2016-01-11 22:03:27 13176 [Note] Shutting down plugin 'BLACKHOLE'
2016-01-11 22:03:27 13176 [Note] Shutting down plugin 'ARCHIVE'
2016-01-11 22:03:27 13176 [Note] Shutting down plugin 'MRG_MYISAM'
2016-01-11 22:03:27 13176 [Note] Shutting down plugin 'MyISAM'
2016-01-11 22:03:27 13176 [Note] Shutting down plugin 'MEMORY'
2016-01-11 22:03:27 13176 [Note] Shutting down plugin 'CSV'
2016-01-11 22:03:27 13176 [Note] Shutting down plugin 'sha256_password'
2016-01-11 22:03:27 13176 [Note] Shutting down plugin 'mysql_old_password'
2016-01-11 22:03:27 13176 [Note] Shutting down plugin 'mysql_native_password'
2016-01-11 22:03:27 13176 [Note] Shutting down plugin 'binlog'
2016-01-11 22:03:27 13176 [Note] C:\Users\Nadya\Downloads\tech\zips\UwAmp\UwAmp\bin\database\mysql-5.6.20\bin\mysqld.exe: Shutdown complete

2016-01-12 20:50:18 14056 [Note] Plugin 'FEDERATED' is disabled.
2016-01-12 20:50:19 14056 [Note] InnoDB: Using atomics to ref count buffer pool pages
2016-01-12 20:50:19 14056 [Note] InnoDB: The InnoDB memory heap is disabled
2016-01-12 20:50:19 14056 [Note] InnoDB: Mutexes and rw_locks use Windows interlocked functions
2016-01-12 20:50:19 14056 [Note] InnoDB: Memory barrier is not used
2016-01-12 20:50:19 14056 [Note] InnoDB: Compressed tables use zlib 1.2.3
2016-01-12 20:50:19 14056 [Note] InnoDB: Not using CPU crc32 instructions
2016-01-12 20:50:19 14056 [Note] InnoDB: Initializing buffer pool, size = 128.0M
2016-01-12 20:50:19 14056 [Note] InnoDB: Completed initialization of buffer pool
2016-01-12 20:50:19 14056 [Note] InnoDB: Highest supported file format is Barracuda.
2016-01-12 20:50:20 14056 [Note] InnoDB: 128 rollback segment(s) are active.
2016-01-12 20:50:20 14056 [Note] InnoDB: Waiting for purge to start
2016-01-12 20:50:20 14056 [Note] InnoDB: 5.6.20 started; log sequence number 1600607
2016-01-12 20:50:20 14056 [Note] Server hostname (bind-address): '*'; port: 3306
2016-01-12 20:50:20 14056 [Note] IPv6 is available.
2016-01-12 20:50:20 14056 [Note]   - '::' resolves to '::';
2016-01-12 20:50:20 14056 [Note] Server socket created on IP: '::'.
2016-01-12 20:50:21 14056 [Warning] InnoDB: Cannot open table mysql/slave_master_info from the internal data dictionary of InnoDB though the .frm file for the table exists. See http://dev.mysql.com/doc/refman/5.6/en/innodb-troubleshooting.html for how you can resolve the problem.
2016-01-12 20:50:21 14056 [Warning] Info table is not ready to be used. Table 'mysql.slave_master_info' cannot be opened.
2016-01-12 20:50:21 14056 [Warning] InnoDB: Cannot open table mysql/slave_worker_info from the internal data dictionary of InnoDB though the .frm file for the table exists. See http://dev.mysql.com/doc/refman/5.6/en/innodb-troubleshooting.html for how you can resolve the problem.
2016-01-12 20:50:21 14056 [Warning] InnoDB: Cannot open table mysql/slave_relay_log_info from the internal data dictionary of InnoDB though the .frm file for the table exists. See http://dev.mysql.com/doc/refman/5.6/en/innodb-troubleshooting.html for how you can resolve the problem.
2016-01-12 20:50:21 14056 [Warning] Info table is not ready to be used. Table 'mysql.slave_relay_log_info' cannot be opened.
2016-01-12 20:50:23 14056 [Note] Event Scheduler: Loaded 0 events
2016-01-12 20:50:23 14056 [Note] C:\Users\Nadya\Downloads\tech\zips\UwAmp\UwAmp\bin\database\mysql-5.6.20\bin\mysqld.exe: ready for connections.
Version: '5.6.20-log'  socket: ''  port: 3306  MySQL Community Server (GPL)
2016-01-12 21:03:58 12268 [Note] Plugin 'FEDERATED' is disabled.
2016-01-12 21:03:58 12268 [Note] InnoDB: Using atomics to ref count buffer pool pages
2016-01-12 21:03:58 12268 [Note] InnoDB: The InnoDB memory heap is disabled
2016-01-12 21:03:58 12268 [Note] InnoDB: Mutexes and rw_locks use Windows interlocked functions
2016-01-12 21:03:58 12268 [Note] InnoDB: Memory barrier is not used
2016-01-12 21:03:58 12268 [Note] InnoDB: Compressed tables use zlib 1.2.3
2016-01-12 21:03:58 12268 [Note] InnoDB: Not using CPU crc32 instructions
2016-01-12 21:03:58 12268 [Note] InnoDB: Initializing buffer pool, size = 128.0M
2016-01-12 21:03:58 12268 [Note] InnoDB: Completed initialization of buffer pool
2016-01-12 21:03:58 12268 [ERROR] InnoDB: .\ibdata1 can't be opened in read-write mode
2016-01-12 21:03:58 12268 [ERROR] InnoDB: The system tablespace must be writable!
2016-01-12 21:03:58 12268 [ERROR] Plugin 'InnoDB' init function returned error.
2016-01-12 21:03:58 12268 [ERROR] Plugin 'InnoDB' registration as a STORAGE ENGINE failed.
2016-01-12 21:03:58 12268 [ERROR] Unknown/unsupported storage engine: InnoDB
2016-01-12 21:03:58 12268 [ERROR] Aborting

2016-01-12 21:03:58 12268 [Note] Binlog end
2016-01-12 21:03:58 12268 [Note] Shutting down plugin 'partition'
2016-01-12 21:03:58 12268 [Note] Shutting down plugin 'PERFORMANCE_SCHEMA'
2016-01-12 21:03:58 12268 [Note] Shutting down plugin 'INNODB_SYS_DATAFILES'
2016-01-12 21:03:58 12268 [Note] Shutting down plugin 'INNODB_SYS_TABLESPACES'
2016-01-12 21:03:58 12268 [Note] Shutting down plugin 'INNODB_SYS_FOREIGN_COLS'
2016-01-12 21:03:58 12268 [Note] Shutting down plugin 'INNODB_SYS_FOREIGN'
2016-01-12 21:03:58 12268 [Note] Shutting down plugin 'INNODB_SYS_FIELDS'
2016-01-12 21:03:58 12268 [Note] Shutting down plugin 'INNODB_SYS_COLUMNS'
2016-01-12 21:03:58 12268 [Note] Shutting down plugin 'INNODB_SYS_INDEXES'
2016-01-12 21:03:58 12268 [Note] Shutting down plugin 'INNODB_SYS_TABLESTATS'
2016-01-12 21:03:58 12268 [Note] Shutting down plugin 'INNODB_SYS_TABLES'
2016-01-12 21:03:58 12268 [Note] Shutting down plugin 'INNODB_FT_INDEX_TABLE'
2016-01-12 21:03:58 12268 [Note] Shutting down plugin 'INNODB_FT_INDEX_CACHE'
2016-01-12 21:03:58 12268 [Note] Shutting down plugin 'INNODB_FT_CONFIG'
2016-01-12 21:03:58 12268 [Note] Shutting down plugin 'INNODB_FT_BEING_DELETED'
2016-01-12 21:03:59 12268 [Note] Shutting down plugin 'INNODB_FT_DELETED'
2016-01-12 21:03:59 12268 [Note] Shutting down plugin 'INNODB_FT_DEFAULT_STOPWORD'
2016-01-12 21:03:59 12268 [Note] Shutting down plugin 'INNODB_METRICS'
2016-01-12 21:03:59 12268 [Note] Shutting down plugin 'INNODB_BUFFER_POOL_STATS'
2016-01-12 21:03:59 12268 [Note] Shutting down plugin 'INNODB_BUFFER_PAGE_LRU'
2016-01-12 21:03:59 12268 [Note] Shutting down plugin 'INNODB_BUFFER_PAGE'
2016-01-12 21:03:59 12268 [Note] Shutting down plugin 'INNODB_CMP_PER_INDEX_RESET'
2016-01-12 21:03:59 12268 [Note] Shutting down plugin 'INNODB_CMP_PER_INDEX'
2016-01-12 21:03:59 12268 [Note] Shutting down plugin 'INNODB_CMPMEM_RESET'
2016-01-12 21:03:59 12268 [Note] Shutting down plugin 'INNODB_CMPMEM'
2016-01-12 21:03:59 12268 [Note] Shutting down plugin 'INNODB_CMP_RESET'
2016-01-12 21:03:59 12268 [Note] Shutting down plugin 'INNODB_CMP'
2016-01-12 21:03:59 12268 [Note] Shutting down plugin 'INNODB_LOCK_WAITS'
2016-01-12 21:03:59 12268 [Note] Shutting down plugin 'INNODB_LOCKS'
2016-01-12 21:03:59 12268 [Note] Shutting down plugin 'INNODB_TRX'
2016-01-12 21:03:59 12268 [Note] Shutting down plugin 'BLACKHOLE'
2016-01-12 21:03:59 12268 [Note] Shutting down plugin 'ARCHIVE'
2016-01-12 21:03:59 12268 [Note] Shutting down plugin 'MRG_MYISAM'
2016-01-12 21:03:59 12268 [Note] Shutting down plugin 'MyISAM'
2016-01-12 21:03:59 12268 [Note] Shutting down plugin 'MEMORY'
2016-01-12 21:03:59 12268 [Note] Shutting down plugin 'CSV'
2016-01-12 21:03:59 12268 [Note] Shutting down plugin 'sha256_password'
2016-01-12 21:03:59 12268 [Note] Shutting down plugin 'mysql_old_password'
2016-01-12 21:03:59 12268 [Note] Shutting down plugin 'mysql_native_password'
2016-01-12 21:03:59 12268 [Note] Shutting down plugin 'binlog'
2016-01-12 21:03:59 12268 [Note] mysqld: Shutdown complete

2016-01-12 21:09:59 8716 [Note] Plugin 'FEDERATED' is disabled.
2016-01-12 21:09:59 8716 [Note] InnoDB: Using atomics to ref count buffer pool pages
2016-01-12 21:09:59 8716 [Note] InnoDB: The InnoDB memory heap is disabled
2016-01-12 21:09:59 8716 [Note] InnoDB: Mutexes and rw_locks use Windows interlocked functions
2016-01-12 21:09:59 8716 [Note] InnoDB: Memory barrier is not used
2016-01-12 21:09:59 8716 [Note] InnoDB: Compressed tables use zlib 1.2.3
2016-01-12 21:09:59 8716 [Note] InnoDB: Not using CPU crc32 instructions
2016-01-12 21:09:59 8716 [Note] InnoDB: Initializing buffer pool, size = 128.0M
2016-01-12 21:09:59 8716 [Note] InnoDB: Completed initialization of buffer pool
2016-01-12 21:09:59 8716 [ERROR] InnoDB: .\ibdata1 can't be opened in read-write mode
2016-01-12 21:09:59 8716 [ERROR] InnoDB: The system tablespace must be writable!
2016-01-12 21:09:59 8716 [ERROR] Plugin 'InnoDB' init function returned error.
2016-01-12 21:09:59 8716 [ERROR] Plugin 'InnoDB' registration as a STORAGE ENGINE failed.
2016-01-12 21:09:59 8716 [ERROR] Unknown/unsupported storage engine: InnoDB
2016-01-12 21:09:59 8716 [ERROR] Aborting

2016-01-12 21:09:59 8716 [Note] Binlog end
2016-01-12 21:09:59 8716 [Note] Shutting down plugin 'partition'
2016-01-12 21:09:59 8716 [Note] Shutting down plugin 'PERFORMANCE_SCHEMA'
2016-01-12 21:09:59 8716 [Note] Shutting down plugin 'INNODB_SYS_DATAFILES'
2016-01-12 21:09:59 8716 [Note] Shutting down plugin 'INNODB_SYS_TABLESPACES'
2016-01-12 21:09:59 8716 [Note] Shutting down plugin 'INNODB_SYS_FOREIGN_COLS'
2016-01-12 21:09:59 8716 [Note] Shutting down plugin 'INNODB_SYS_FOREIGN'
2016-01-12 21:09:59 8716 [Note] Shutting down plugin 'INNODB_SYS_FIELDS'
2016-01-12 21:09:59 8716 [Note] Shutting down plugin 'INNODB_SYS_COLUMNS'
2016-01-12 21:09:59 8716 [Note] Shutting down plugin 'INNODB_SYS_INDEXES'
2016-01-12 21:09:59 8716 [Note] Shutting down plugin 'INNODB_SYS_TABLESTATS'
2016-01-12 21:09:59 8716 [Note] Shutting down plugin 'INNODB_SYS_TABLES'
2016-01-12 21:09:59 8716 [Note] Shutting down plugin 'INNODB_FT_INDEX_TABLE'
2016-01-12 21:09:59 8716 [Note] Shutting down plugin 'INNODB_FT_INDEX_CACHE'
2016-01-12 21:09:59 8716 [Note] Shutting down plugin 'INNODB_FT_CONFIG'
2016-01-12 21:09:59 8716 [Note] Shutting down plugin 'INNODB_FT_BEING_DELETED'
2016-01-12 21:09:59 8716 [Note] Shutting down plugin 'INNODB_FT_DELETED'
2016-01-12 21:09:59 8716 [Note] Shutting down plugin 'INNODB_FT_DEFAULT_STOPWORD'
2016-01-12 21:09:59 8716 [Note] Shutting down plugin 'INNODB_METRICS'
2016-01-12 21:09:59 8716 [Note] Shutting down plugin 'INNODB_BUFFER_POOL_STATS'
2016-01-12 21:09:59 8716 [Note] Shutting down plugin 'INNODB_BUFFER_PAGE_LRU'
2016-01-12 21:09:59 8716 [Note] Shutting down plugin 'INNODB_BUFFER_PAGE'
2016-01-12 21:09:59 8716 [Note] Shutting down plugin 'INNODB_CMP_PER_INDEX_RESET'
2016-01-12 21:09:59 8716 [Note] Shutting down plugin 'INNODB_CMP_PER_INDEX'
2016-01-12 21:09:59 8716 [Note] Shutting down plugin 'INNODB_CMPMEM_RESET'
2016-01-12 21:09:59 8716 [Note] Shutting down plugin 'INNODB_CMPMEM'
2016-01-12 21:09:59 8716 [Note] Shutting down plugin 'INNODB_CMP_RESET'
2016-01-12 21:09:59 8716 [Note] Shutting down plugin 'INNODB_CMP'
2016-01-12 21:09:59 8716 [Note] Shutting down plugin 'INNODB_LOCK_WAITS'
2016-01-12 21:09:59 8716 [Note] Shutting down plugin 'INNODB_LOCKS'
2016-01-12 21:09:59 8716 [Note] Shutting down plugin 'INNODB_TRX'
2016-01-12 21:09:59 8716 [Note] Shutting down plugin 'BLACKHOLE'
2016-01-12 21:09:59 8716 [Note] Shutting down plugin 'ARCHIVE'
2016-01-12 21:09:59 8716 [Note] Shutting down plugin 'MRG_MYISAM'
2016-01-12 21:09:59 8716 [Note] Shutting down plugin 'MyISAM'
2016-01-12 21:09:59 8716 [Note] Shutting down plugin 'MEMORY'
2016-01-12 21:09:59 8716 [Note] Shutting down plugin 'CSV'
2016-01-12 21:09:59 8716 [Note] Shutting down plugin 'sha256_password'
2016-01-12 21:09:59 8716 [Note] Shutting down plugin 'mysql_old_password'
2016-01-12 21:09:59 8716 [Note] Shutting down plugin 'mysql_native_password'
2016-01-12 21:09:59 8716 [Note] Shutting down plugin 'binlog'
2016-01-12 21:09:59 8716 [Note] mysqld.exe: Shutdown complete

2016-01-13 12:14:44 8580 [Note] Plugin 'FEDERATED' is disabled.
2016-01-13 12:14:44 8580 [Note] InnoDB: Using atomics to ref count buffer pool pages
2016-01-13 12:14:44 8580 [Note] InnoDB: The InnoDB memory heap is disabled
2016-01-13 12:14:44 8580 [Note] InnoDB: Mutexes and rw_locks use Windows interlocked functions
2016-01-13 12:14:44 8580 [Note] InnoDB: Memory barrier is not used
2016-01-13 12:14:44 8580 [Note] InnoDB: Compressed tables use zlib 1.2.3
2016-01-13 12:14:44 8580 [Note] InnoDB: Not using CPU crc32 instructions
2016-01-13 12:14:44 8580 [Note] InnoDB: Initializing buffer pool, size = 128.0M
2016-01-13 12:14:44 8580 [Note] InnoDB: Completed initialization of buffer pool
2016-01-13 12:14:45 8580 [Note] InnoDB: Highest supported file format is Barracuda.
2016-01-13 12:14:45 8580 [Note] InnoDB: The log sequence numbers 1600607 and 1600607 in ibdata files do not match the log sequence number 1600617 in the ib_logfiles!
2016-01-13 12:14:45 8580 [Note] InnoDB: Database was not shutdown normally!
2016-01-13 12:14:45 8580 [Note] InnoDB: Starting crash recovery.
2016-01-13 12:14:45 8580 [Note] InnoDB: Reading tablespace information from the .ibd files...
2016-01-13 12:14:45 8580 [Note] InnoDB: Restoring possible half-written data pages 
2016-01-13 12:14:45 8580 [Note] InnoDB: from the doublewrite buffer...
2016-01-13 12:14:45 8580 [Note] InnoDB: 128 rollback segment(s) are active.
2016-01-13 12:14:45 8580 [Note] InnoDB: Waiting for purge to start
2016-01-13 12:14:45 8580 [Note] InnoDB: 5.6.20 started; log sequence number 1600617
2016-01-13 12:14:45 8580 [Note] Recovering after a crash using mysql-bin
2016-01-13 12:14:45 8580 [Note] Starting crash recovery...
2016-01-13 12:14:45 8580 [Note] Crash recovery finished.
2016-01-13 12:14:45 8580 [Note] Server hostname (bind-address): '*'; port: 3306
2016-01-13 12:14:45 8580 [Note] IPv6 is available.
2016-01-13 12:14:45 8580 [Note]   - '::' resolves to '::';
2016-01-13 12:14:45 8580 [Note] Server socket created on IP: '::'.
2016-01-13 12:14:46 8580 [Warning] InnoDB: Cannot open table mysql/slave_master_info from the internal data dictionary of InnoDB though the .frm file for the table exists. See http://dev.mysql.com/doc/refman/5.6/en/innodb-troubleshooting.html for how you can resolve the problem.
2016-01-13 12:14:46 8580 [Warning] Info table is not ready to be used. Table 'mysql.slave_master_info' cannot be opened.
2016-01-13 12:14:46 8580 [Warning] InnoDB: Cannot open table mysql/slave_worker_info from the internal data dictionary of InnoDB though the .frm file for the table exists. See http://dev.mysql.com/doc/refman/5.6/en/innodb-troubleshooting.html for how you can resolve the problem.
2016-01-13 12:14:46 8580 [Warning] InnoDB: Cannot open table mysql/slave_relay_log_info from the internal data dictionary of InnoDB though the .frm file for the table exists. See http://dev.mysql.com/doc/refman/5.6/en/innodb-troubleshooting.html for how you can resolve the problem.
2016-01-13 12:14:46 8580 [Warning] Info table is not ready to be used. Table 'mysql.slave_relay_log_info' cannot be opened.
2016-01-13 12:14:48 8580 [Note] Event Scheduler: Loaded 0 events
2016-01-13 12:14:48 8580 [Note] C:\Users\Nadya\Downloads\tech\zips\UwAmp\UwAmp\bin\database\mysql-5.6.20\bin\mysqld.exe: ready for connections.
Version: '5.6.20-log'  socket: ''  port: 3306  MySQL Community Server (GPL)
2016-01-15 08:28:33 8580 [Note] C:\Users\Nadya\Downloads\tech\zips\UwAmp\UwAmp\bin\database\mysql-5.6.20\bin\mysqld.exe: Normal shutdown

2016-01-15 08:28:33 8580 [Note] Giving 0 client threads a chance to die gracefully
2016-01-15 08:28:33 8580 [Note] Event Scheduler: Purging the queue. 0 events
2016-01-15 08:28:33 8580 [Note] Shutting down slave threads
2016-01-15 08:28:33 8580 [Note] Forcefully disconnecting 0 remaining clients
2016-01-15 08:28:33 8580 [Note] Binlog end
2016-01-15 08:28:33 8580 [Note] Shutting down plugin 'partition'
2016-01-15 08:28:33 8580 [Note] Shutting down plugin 'PERFORMANCE_SCHEMA'
2016-01-15 08:28:33 8580 [Note] Shutting down plugin 'INNODB_SYS_DATAFILES'
2016-01-15 08:28:33 8580 [Note] Shutting down plugin 'INNODB_SYS_TABLESPACES'
2016-01-15 08:28:33 8580 [Note] Shutting down plugin 'INNODB_SYS_FOREIGN_COLS'
2016-01-15 08:28:33 8580 [Note] Shutting down plugin 'INNODB_SYS_FOREIGN'
2016-01-15 08:28:33 8580 [Note] Shutting down plugin 'INNODB_SYS_FIELDS'
2016-01-15 08:28:33 8580 [Note] Shutting down plugin 'INNODB_SYS_COLUMNS'
2016-01-15 08:28:33 8580 [Note] Shutting down plugin 'INNODB_SYS_INDEXES'
2016-01-15 08:28:33 8580 [Note] Shutting down plugin 'INNODB_SYS_TABLESTATS'
2016-01-15 08:28:33 8580 [Note] Shutting down plugin 'INNODB_SYS_TABLES'
2016-01-15 08:28:33 8580 [Note] Shutting down plugin 'INNODB_FT_INDEX_TABLE'
2016-01-15 08:28:33 8580 [Note] Shutting down plugin 'INNODB_FT_INDEX_CACHE'
2016-01-15 08:28:33 8580 [Note] Shutting down plugin 'INNODB_FT_CONFIG'
2016-01-15 08:28:33 8580 [Note] Shutting down plugin 'INNODB_FT_BEING_DELETED'
2016-01-15 08:28:33 8580 [Note] Shutting down plugin 'INNODB_FT_DELETED'
2016-01-15 08:28:33 8580 [Note] Shutting down plugin 'INNODB_FT_DEFAULT_STOPWORD'
2016-01-15 08:28:33 8580 [Note] Shutting down plugin 'INNODB_METRICS'
2016-01-15 08:28:33 8580 [Note] Shutting down plugin 'INNODB_BUFFER_POOL_STATS'
2016-01-15 08:28:33 8580 [Note] Shutting down plugin 'INNODB_BUFFER_PAGE_LRU'
2016-01-15 08:28:33 8580 [Note] Shutting down plugin 'INNODB_BUFFER_PAGE'
2016-01-15 08:28:33 8580 [Note] Shutting down plugin 'INNODB_CMP_PER_INDEX_RESET'
2016-01-15 08:28:33 8580 [Note] Shutting down plugin 'INNODB_CMP_PER_INDEX'
2016-01-15 08:28:33 8580 [Note] Shutting down plugin 'INNODB_CMPMEM_RESET'
2016-01-15 08:28:33 8580 [Note] Shutting down plugin 'INNODB_CMPMEM'
2016-01-15 08:28:33 8580 [Note] Shutting down plugin 'INNODB_CMP_RESET'
2016-01-15 08:28:33 8580 [Note] Shutting down plugin 'INNODB_CMP'
2016-01-15 08:28:33 8580 [Note] Shutting down plugin 'INNODB_LOCK_WAITS'
2016-01-15 08:28:33 8580 [Note] Shutting down plugin 'INNODB_LOCKS'
2016-01-15 08:28:33 8580 [Note] Shutting down plugin 'INNODB_TRX'
2016-01-15 08:28:33 8580 [Note] Shutting down plugin 'InnoDB'
2016-01-15 08:28:33 8580 [Note] InnoDB: FTS optimize thread exiting.
2016-01-15 08:28:33 8580 [Note] InnoDB: Starting shutdown...
2016-01-15 08:28:35 8580 [Note] InnoDB: Shutdown completed; log sequence number 1600627
2016-01-15 08:28:35 8580 [Note] Shutting down plugin 'BLACKHOLE'
2016-01-15 08:28:35 8580 [Note] Shutting down plugin 'ARCHIVE'
2016-01-15 08:28:35 8580 [Note] Shutting down plugin 'MRG_MYISAM'
2016-01-15 08:28:35 8580 [Note] Shutting down plugin 'MyISAM'
2016-01-15 08:28:35 8580 [Note] Shutting down plugin 'MEMORY'
2016-01-15 08:28:35 8580 [Note] Shutting down plugin 'CSV'
2016-01-15 08:28:35 8580 [Note] Shutting down plugin 'sha256_password'
2016-01-15 08:28:35 8580 [Note] Shutting down plugin 'mysql_old_password'
2016-01-15 08:28:35 8580 [Note] Shutting down plugin 'mysql_native_password'
2016-01-15 08:28:35 8580 [Note] Shutting down plugin 'binlog'
2016-01-15 08:28:35 8580 [Note] C:\Users\Nadya\Downloads\tech\zips\UwAmp\UwAmp\bin\database\mysql-5.6.20\bin\mysqld.exe: Shutdown complete

2016-01-15 08:28:51 11228 [Note] Plugin 'FEDERATED' is disabled.
2016-01-15 08:28:51 11228 [Note] InnoDB: Using atomics to ref count buffer pool pages
2016-01-15 08:28:51 11228 [Note] InnoDB: The InnoDB memory heap is disabled
2016-01-15 08:28:51 11228 [Note] InnoDB: Mutexes and rw_locks use Windows interlocked functions
2016-01-15 08:28:51 11228 [Note] InnoDB: Memory barrier is not used
2016-01-15 08:28:51 11228 [Note] InnoDB: Compressed tables use zlib 1.2.3
2016-01-15 08:28:51 11228 [Note] InnoDB: Not using CPU crc32 instructions
2016-01-15 08:28:51 11228 [Note] InnoDB: Initializing buffer pool, size = 128.0M
2016-01-15 08:28:51 11228 [Note] InnoDB: Completed initialization of buffer pool
2016-01-15 08:28:51 11228 [Note] InnoDB: Highest supported file format is Barracuda.
2016-01-15 08:28:51 11228 [Note] InnoDB: 128 rollback segment(s) are active.
2016-01-15 08:28:51 11228 [Note] InnoDB: Waiting for purge to start
2016-01-15 08:28:51 11228 [Note] InnoDB: 5.6.20 started; log sequence number 1600627
2016-01-15 08:28:51 11228 [Note] Server hostname (bind-address): '*'; port: 3306
2016-01-15 08:28:51 11228 [Note] IPv6 is available.
2016-01-15 08:28:51 11228 [Note]   - '::' resolves to '::';
2016-01-15 08:28:51 11228 [Note] Server socket created on IP: '::'.
2016-01-15 08:28:52 11228 [Warning] InnoDB: Cannot open table mysql/slave_master_info from the internal data dictionary of InnoDB though the .frm file for the table exists. See http://dev.mysql.com/doc/refman/5.6/en/innodb-troubleshooting.html for how you can resolve the problem.
2016-01-15 08:28:52 11228 [Warning] Info table is not ready to be used. Table 'mysql.slave_master_info' cannot be opened.
2016-01-15 08:28:52 11228 [Warning] InnoDB: Cannot open table mysql/slave_worker_info from the internal data dictionary of InnoDB though the .frm file for the table exists. See http://dev.mysql.com/doc/refman/5.6/en/innodb-troubleshooting.html for how you can resolve the problem.
2016-01-15 08:28:52 11228 [Warning] InnoDB: Cannot open table mysql/slave_relay_log_info from the internal data dictionary of InnoDB though the .frm file for the table exists. See http://dev.mysql.com/doc/refman/5.6/en/innodb-troubleshooting.html for how you can resolve the problem.
2016-01-15 08:28:52 11228 [Warning] Info table is not ready to be used. Table 'mysql.slave_relay_log_info' cannot be opened.
2016-01-15 08:28:54 11228 [Note] Event Scheduler: Loaded 0 events
2016-01-15 08:28:54 11228 [Note] C:\Users\Nadya\Downloads\tech\zips\UwAmp\UwAmp\bin\database\mysql-5.6.20\bin\mysqld.exe: ready for connections.
Version: '5.6.20-log'  socket: ''  port: 3306  MySQL Community Server (GPL)
2016-01-15 19:07:22 231c InnoDB: Error: Table "mysql"."innodb_table_stats" not found.
2016-01-15 19:07:22 231c InnoDB: Error: Table "mysql"."innodb_table_stats" not found.
2016-01-15 19:07:22 231c InnoDB: Error: Table "mysql"."innodb_table_stats" not found.
2016-01-15 19:07:22 231c InnoDB: Error: Table "mysql"."innodb_table_stats" not found.
2016-01-15 19:07:22 231c InnoDB: Error: Table "mysql"."innodb_table_stats" not found.
2016-01-15 19:07:22 231c InnoDB: Error: Table "mysql"."innodb_table_stats" not found.
2016-01-15 19:07:39 231c InnoDB: Error: Table "mysql"."innodb_table_stats" not found.
2016-01-15 19:07:39 231c InnoDB: Error: Fetch of persistent statistics requested for table "employees"."employees" but the required system tables mysql.innodb_table_stats and mysql.innodb_index_stats are not present or have unexpected structure. Using transient stats instead.
2016-01-15 19:07:39 231c InnoDB: Error: Table "mysql"."innodb_table_stats" not found.
2016-01-15 19:07:39 231c InnoDB: Error: Fetch of persistent statistics requested for table "employees"."salaries" but the required system tables mysql.innodb_table_stats and mysql.innodb_index_stats are not present or have unexpected structure. Using transient stats instead.
2016-01-15 19:07:39 231c InnoDB: Error: Table "mysql"."innodb_table_stats" not found.
2016-01-15 19:07:39 231c InnoDB: Error: Fetch of persistent statistics requested for table "employees"."titles" but the required system tables mysql.innodb_table_stats and mysql.innodb_index_stats are not present or have unexpected structure. Using transient stats instead.
2016-01-15 19:07:39 231c InnoDB: Error: Table "mysql"."innodb_table_stats" not found.
2016-01-15 19:07:39 231c InnoDB: Error: Fetch of persistent statistics requested for table "employees"."departments" but the required system tables mysql.innodb_table_stats and mysql.innodb_index_stats are not present or have unexpected structure. Using transient stats instead.
2016-01-15 19:07:39 231c InnoDB: Error: Table "mysql"."innodb_table_stats" not found.
2016-01-15 19:07:39 231c InnoDB: Error: Fetch of persistent statistics requested for table "employees"."dept_manager" but the required system tables mysql.innodb_table_stats and mysql.innodb_index_stats are not present or have unexpected structure. Using transient stats instead.
2016-01-15 19:07:39 231c InnoDB: Error: Table "mysql"."innodb_table_stats" not found.
2016-01-15 19:07:39 231c InnoDB: Error: Fetch of persistent statistics requested for table "employees"."dept_emp" but the required system tables mysql.innodb_table_stats and mysql.innodb_index_stats are not present or have unexpected structure. Using transient stats instead.
2016-01-18 11:29:28 2798 InnoDB: Error: Table "mysql"."innodb_table_stats" not found.
2016-01-18 11:29:28 2798 InnoDB: Error: Table "mysql"."innodb_table_stats" not found.
2016-01-18 11:29:28 2798 InnoDB: Error: Table "mysql"."innodb_table_stats" not found.
2016-01-18 11:29:28 2798 InnoDB: Error: Table "mysql"."innodb_table_stats" not found.
2016-01-18 11:29:28 2798 InnoDB: Error: Table "mysql"."innodb_table_stats" not found.
2016-01-18 11:29:28 2798 InnoDB: Error: Table "mysql"."innodb_table_stats" not found.
2016-01-19 22:14:42 231c InnoDB: Error: Table "mysql"."innodb_table_stats" not found.
2016-01-19 22:15:09 2798 InnoDB: Error: Table "mysql"."innodb_table_stats" not found.
2016-01-19 22:15:09 2798 InnoDB: Error: Fetch of persistent statistics requested for table "users"."login" but the required system tables mysql.innodb_table_stats and mysql.innodb_index_stats are not present or have unexpected structure. Using transient stats instead.
2016-01-27 00:46:04 11516 [Note] Plugin 'FEDERATED' is disabled.
2016-01-27 00:46:04 11516 [Note] InnoDB: Using atomics to ref count buffer pool pages
2016-01-27 00:46:04 11516 [Note] InnoDB: The InnoDB memory heap is disabled
2016-01-27 00:46:04 11516 [Note] InnoDB: Mutexes and rw_locks use Windows interlocked functions
2016-01-27 00:46:04 11516 [Note] InnoDB: Memory barrier is not used
2016-01-27 00:46:04 11516 [Note] InnoDB: Compressed tables use zlib 1.2.3
2016-01-27 00:46:04 11516 [Note] InnoDB: Not using CPU crc32 instructions
2016-01-27 00:46:04 11516 [Note] InnoDB: Initializing buffer pool, size = 128.0M
2016-01-27 00:46:04 11516 [Note] InnoDB: Completed initialization of buffer pool
2016-01-27 00:46:04 11516 [Note] InnoDB: Highest supported file format is Barracuda.
2016-01-27 00:46:04 11516 [Note] InnoDB: The log sequence numbers 1600627 and 1600627 in ibdata files do not match the log sequence number 1680773 in the ib_logfiles!
2016-01-27 00:46:04 11516 [Note] InnoDB: Database was not shutdown normally!
2016-01-27 00:46:04 11516 [Note] InnoDB: Starting crash recovery.
2016-01-27 00:46:04 11516 [Note] InnoDB: Reading tablespace information from the .ibd files...
2016-01-27 00:46:04 11516 [ERROR] InnoDB: Attempted to open a previously opened tablespace. Previous tablespace employees/salaries uses space ID: 2 at filepath: .\employees\salaries.ibd. Cannot open tablespace mysql/innodb_index_stats which uses space ID: 2 at filepath: .\mysql\innodb_index_stats.ibd
InnoDB: Error: could not open single-table tablespace file .\mysql\innodb_index_stats.ibd
InnoDB: We do not continue the crash recovery, because the table may become
InnoDB: corrupt if we cannot apply the log records in the InnoDB log to it.
InnoDB: To fix the problem and start mysqld:
InnoDB: 1) If there is a permission problem in the file and mysqld cannot
InnoDB: open the file, you should modify the permissions.
InnoDB: 2) If the table is not needed, or you can restore it from a backup,
InnoDB: then you can remove the .ibd file, and InnoDB will do a normal
InnoDB: crash recovery and ignore that table.
InnoDB: 3) If the file system or the disk is broken, and you cannot remove
InnoDB: the .ibd file, you can set innodb_force_recovery > 0 in my.cnf
InnoDB: and force InnoDB to continue crash recovery here.
2016-01-27 00:50:37 12492 [Note] Plugin 'FEDERATED' is disabled.
2016-01-27 00:50:37 12492 [Note] InnoDB: Using atomics to ref count buffer pool pages
2016-01-27 00:50:37 12492 [Note] InnoDB: The InnoDB memory heap is disabled
2016-01-27 00:50:37 12492 [Note] InnoDB: Mutexes and rw_locks use Windows interlocked functions
2016-01-27 00:50:37 12492 [Note] InnoDB: Memory barrier is not used
2016-01-27 00:50:37 12492 [Note] InnoDB: Compressed tables use zlib 1.2.3
2016-01-27 00:50:37 12492 [Note] InnoDB: Not using CPU crc32 instructions
2016-01-27 00:50:37 12492 [Note] InnoDB: Initializing buffer pool, size = 128.0M
2016-01-27 00:50:37 12492 [Note] InnoDB: Completed initialization of buffer pool
2016-01-27 00:50:37 12492 [Note] InnoDB: Highest supported file format is Barracuda.
2016-01-27 00:50:37 12492 [Note] InnoDB: The log sequence numbers 1600627 and 1600627 in ibdata files do not match the log sequence number 1680773 in the ib_logfiles!
2016-01-27 00:50:37 12492 [Note] InnoDB: Database was not shutdown normally!
2016-01-27 00:50:37 12492 [Note] InnoDB: Starting crash recovery.
2016-01-27 00:50:37 12492 [Note] InnoDB: Reading tablespace information from the .ibd files...
2016-01-27 00:50:38 12492 [ERROR] InnoDB: Attempted to open a previously opened tablespace. Previous tablespace employees/salaries uses space ID: 2 at filepath: .\employees\salaries.ibd. Cannot open tablespace mysql/innodb_index_stats which uses space ID: 2 at filepath: .\mysql\innodb_index_stats.ibd
InnoDB: Error: could not open single-table tablespace file .\mysql\innodb_index_stats.ibd
InnoDB: We do not continue the crash recovery, because the table may become
InnoDB: corrupt if we cannot apply the log records in the InnoDB log to it.
InnoDB: To fix the problem and start mysqld:
InnoDB: 1) If there is a permission problem in the file and mysqld cannot
InnoDB: open the file, you should modify the permissions.
InnoDB: 2) If the table is not needed, or you can restore it from a backup,
InnoDB: then you can remove the .ibd file, and InnoDB will do a normal
InnoDB: crash recovery and ignore that table.
InnoDB: 3) If the file system or the disk is broken, and you cannot remove
InnoDB: the .ibd file, you can set innodb_force_recovery > 0 in my.cnf
InnoDB: and force InnoDB to continue crash recovery here.
2016-01-27 00:52:50 4072 [Note] Plugin 'FEDERATED' is disabled.
2016-01-27 00:52:50 4072 [Note] InnoDB: Using atomics to ref count buffer pool pages
2016-01-27 00:52:50 4072 [Note] InnoDB: The InnoDB memory heap is disabled
2016-01-27 00:52:50 4072 [Note] InnoDB: Mutexes and rw_locks use Windows interlocked functions
2016-01-27 00:52:50 4072 [Note] InnoDB: Memory barrier is not used
2016-01-27 00:52:50 4072 [Note] InnoDB: Compressed tables use zlib 1.2.3
2016-01-27 00:52:50 4072 [Note] InnoDB: Not using CPU crc32 instructions
2016-01-27 00:52:50 4072 [Note] InnoDB: Initializing buffer pool, size = 128.0M
2016-01-27 00:52:50 4072 [Note] InnoDB: Completed initialization of buffer pool
2016-01-27 00:52:50 4072 [Note] InnoDB: Highest supported file format is Barracuda.
2016-01-27 00:52:50 4072 [Note] InnoDB: The log sequence numbers 1600627 and 1600627 in ibdata files do not match the log sequence number 1680773 in the ib_logfiles!
2016-01-27 00:52:50 4072 [Note] InnoDB: Database was not shutdown normally!
2016-01-27 00:52:50 4072 [Note] InnoDB: Starting crash recovery.
2016-01-27 00:52:51 4072 [Note] InnoDB: Reading tablespace information from the .ibd files...
2016-01-27 00:52:51 4072 [ERROR] InnoDB: Attempted to open a previously opened tablespace. Previous tablespace employees/salaries uses space ID: 2 at filepath: .\employees\salaries.ibd. Cannot open tablespace mysql/innodb_index_stats which uses space ID: 2 at filepath: .\mysql\innodb_index_stats.ibd
InnoDB: Error: could not open single-table tablespace file .\mysql\innodb_index_stats.ibd
InnoDB: We do not continue the crash recovery, because the table may become
InnoDB: corrupt if we cannot apply the log records in the InnoDB log to it.
InnoDB: To fix the problem and start mysqld:
InnoDB: 1) If there is a permission problem in the file and mysqld cannot
InnoDB: open the file, you should modify the permissions.
InnoDB: 2) If the table is not needed, or you can restore it from a backup,
InnoDB: then you can remove the .ibd file, and InnoDB will do a normal
InnoDB: crash recovery and ignore that table.
InnoDB: 3) If the file system or the disk is broken, and you cannot remove
InnoDB: the .ibd file, you can set innodb_force_recovery > 0 in my.cnf
InnoDB: and force InnoDB to continue crash recovery here.
2016-01-27 00:52:58 9564 [Note] Plugin 'FEDERATED' is disabled.
2016-01-27 00:52:58 9564 [Note] InnoDB: Using atomics to ref count buffer pool pages
2016-01-27 00:52:58 9564 [Note] InnoDB: The InnoDB memory heap is disabled
2016-01-27 00:52:58 9564 [Note] InnoDB: Mutexes and rw_locks use Windows interlocked functions
2016-01-27 00:52:58 9564 [Note] InnoDB: Memory barrier is not used
2016-01-27 00:52:58 9564 [Note] InnoDB: Compressed tables use zlib 1.2.3
2016-01-27 00:52:58 9564 [Note] InnoDB: Not using CPU crc32 instructions
2016-01-27 00:52:58 9564 [Note] InnoDB: Initializing buffer pool, size = 128.0M
2016-01-27 00:52:58 9564 [Note] InnoDB: Completed initialization of buffer pool
2016-01-27 00:52:58 9564 [Note] InnoDB: Highest supported file format is Barracuda.
2016-01-27 00:52:58 9564 [Note] InnoDB: The log sequence numbers 1600627 and 1600627 in ibdata files do not match the log sequence number 1680773 in the ib_logfiles!
2016-01-27 00:52:58 9564 [Note] InnoDB: Database was not shutdown normally!
2016-01-27 00:52:58 9564 [Note] InnoDB: Starting crash recovery.
2016-01-27 00:52:58 9564 [Note] InnoDB: Reading tablespace information from the .ibd files...
2016-01-27 00:52:58 9564 [ERROR] InnoDB: Attempted to open a previously opened tablespace. Previous tablespace employees/salaries uses space ID: 2 at filepath: .\employees\salaries.ibd. Cannot open tablespace mysql/innodb_index_stats which uses space ID: 2 at filepath: .\mysql\innodb_index_stats.ibd
InnoDB: Error: could not open single-table tablespace file .\mysql\innodb_index_stats.ibd
InnoDB: We do not continue the crash recovery, because the table may become
InnoDB: corrupt if we cannot apply the log records in the InnoDB log to it.
InnoDB: To fix the problem and start mysqld:
InnoDB: 1) If there is a permission problem in the file and mysqld cannot
InnoDB: open the file, you should modify the permissions.
InnoDB: 2) If the table is not needed, or you can restore it from a backup,
InnoDB: then you can remove the .ibd file, and InnoDB will do a normal
InnoDB: crash recovery and ignore that table.
InnoDB: 3) If the file system or the disk is broken, and you cannot remove
InnoDB: the .ibd file, you can set innodb_force_recovery > 0 in my.cnf
InnoDB: and force InnoDB to continue crash recovery here.
2016-01-27 00:54:15 11216 [Note] Plugin 'FEDERATED' is disabled.
2016-01-27 00:54:15 11216 [Note] InnoDB: Using atomics to ref count buffer pool pages
2016-01-27 00:54:15 11216 [Note] InnoDB: The InnoDB memory heap is disabled
2016-01-27 00:54:15 11216 [Note] InnoDB: Mutexes and rw_locks use Windows interlocked functions
2016-01-27 00:54:15 11216 [Note] InnoDB: Memory barrier is not used
2016-01-27 00:54:15 11216 [Note] InnoDB: Compressed tables use zlib 1.2.3
2016-01-27 00:54:15 11216 [Note] InnoDB: Not using CPU crc32 instructions
2016-01-27 00:54:15 11216 [Note] InnoDB: Initializing buffer pool, size = 128.0M
2016-01-27 00:54:15 11216 [Note] InnoDB: Completed initialization of buffer pool
2016-01-27 00:54:15 11216 [Note] InnoDB: Highest supported file format is Barracuda.
2016-01-27 00:54:15 11216 [Note] InnoDB: The log sequence numbers 1600627 and 1600627 in ibdata files do not match the log sequence number 1680773 in the ib_logfiles!
2016-01-27 00:54:15 11216 [Note] InnoDB: Database was not shutdown normally!
2016-01-27 00:54:15 11216 [Note] InnoDB: Starting crash recovery.
2016-01-27 00:54:15 11216 [Note] InnoDB: Reading tablespace information from the .ibd files...
2016-01-27 00:54:15 11216 [ERROR] InnoDB: Attempted to open a previously opened tablespace. Previous tablespace employees/salaries uses space ID: 2 at filepath: .\employees\salaries.ibd. Cannot open tablespace mysql/innodb_index_stats which uses space ID: 2 at filepath: .\mysql\innodb_index_stats.ibd
InnoDB: Error: could not open single-table tablespace file .\mysql\innodb_index_stats.ibd
InnoDB: We do not continue the crash recovery, because the table may become
InnoDB: corrupt if we cannot apply the log records in the InnoDB log to it.
InnoDB: To fix the problem and start mysqld:
InnoDB: 1) If there is a permission problem in the file and mysqld cannot
InnoDB: open the file, you should modify the permissions.
InnoDB: 2) If the table is not needed, or you can restore it from a backup,
InnoDB: then you can remove the .ibd file, and InnoDB will do a normal
InnoDB: crash recovery and ignore that table.
InnoDB: 3) If the file system or the disk is broken, and you cannot remove
InnoDB: the .ibd file, you can set innodb_force_recovery > 0 in my.cnf
InnoDB: and force InnoDB to continue crash recovery here.
2016-01-27 01:00:44 12672 [Note] Plugin 'FEDERATED' is disabled.
2016-01-27 01:00:44 12672 [Note] InnoDB: Using atomics to ref count buffer pool pages
2016-01-27 01:00:44 12672 [Note] InnoDB: The InnoDB memory heap is disabled
2016-01-27 01:00:44 12672 [Note] InnoDB: Mutexes and rw_locks use Windows interlocked functions
2016-01-27 01:00:44 12672 [Note] InnoDB: Memory barrier is not used
2016-01-27 01:00:44 12672 [Note] InnoDB: Compressed tables use zlib 1.2.3
2016-01-27 01:00:44 12672 [Note] InnoDB: Not using CPU crc32 instructions
2016-01-27 01:00:44 12672 [Note] InnoDB: Initializing buffer pool, size = 128.0M
2016-01-27 01:00:44 12672 [Note] InnoDB: Completed initialization of buffer pool
2016-01-27 01:00:45 12672 [Note] InnoDB: Highest supported file format is Barracuda.
2016-01-27 01:00:45 12672 [Note] InnoDB: The log sequence numbers 1600627 and 1600627 in ibdata files do not match the log sequence number 1680773 in the ib_logfiles!
2016-01-27 01:00:45 12672 [Note] InnoDB: Database was not shutdown normally!
2016-01-27 01:00:45 12672 [Note] InnoDB: Starting crash recovery.
2016-01-27 01:00:45 12672 [Note] InnoDB: Reading tablespace information from the .ibd files...
2016-01-27 01:00:45 12672 [ERROR] InnoDB: Attempted to open a previously opened tablespace. Previous tablespace employees/salaries uses space ID: 2 at filepath: .\employees\salaries.ibd. Cannot open tablespace mysql/innodb_index_stats which uses space ID: 2 at filepath: .\mysql\innodb_index_stats.ibd
InnoDB: Error: could not open single-table tablespace file .\mysql\innodb_index_stats.ibd
InnoDB: We do not continue the crash recovery, because the table may become
InnoDB: corrupt if we cannot apply the log records in the InnoDB log to it.
InnoDB: To fix the problem and start mysqld:
InnoDB: 1) If there is a permission problem in the file and mysqld cannot
InnoDB: open the file, you should modify the permissions.
InnoDB: 2) If the table is not needed, or you can restore it from a backup,
InnoDB: then you can remove the .ibd file, and InnoDB will do a normal
InnoDB: crash recovery and ignore that table.
InnoDB: 3) If the file system or the disk is broken, and you cannot remove
InnoDB: the .ibd file, you can set innodb_force_recovery > 0 in my.cnf
InnoDB: and force InnoDB to continue crash recovery here.
2016-10-12 16:20:00 9760 [Note] Plugin 'FEDERATED' is disabled.
2016-10-12 16:20:01 9760 [Note] InnoDB: Using atomics to ref count buffer pool pages
2016-10-12 16:20:01 9760 [Note] InnoDB: The InnoDB memory heap is disabled
2016-10-12 16:20:01 9760 [Note] InnoDB: Mutexes and rw_locks use Windows interlocked functions
2016-10-12 16:20:01 9760 [Note] InnoDB: Memory barrier is not used
2016-10-12 16:20:01 9760 [Note] InnoDB: Compressed tables use zlib 1.2.3
2016-10-12 16:20:01 9760 [Note] InnoDB: Not using CPU crc32 instructions
2016-10-12 16:20:01 9760 [Note] InnoDB: Initializing buffer pool, size = 128.0M
2016-10-12 16:20:01 9760 [Note] InnoDB: Completed initialization of buffer pool
2016-10-12 16:20:01 9760 [Note] InnoDB: Highest supported file format is Barracuda.
2016-10-12 16:20:01 9760 [Note] InnoDB: The log sequence numbers 1600627 and 1600627 in ibdata files do not match the log sequence number 1680773 in the ib_logfiles!
2016-10-12 16:20:01 9760 [Note] InnoDB: Database was not shutdown normally!
2016-10-12 16:20:01 9760 [Note] InnoDB: Starting crash recovery.
2016-10-12 16:20:01 9760 [Note] InnoDB: Reading tablespace information from the .ibd files...
2016-10-12 16:20:01 9760 [ERROR] InnoDB: Attempted to open a previously opened tablespace. Previous tablespace employees/salaries uses space ID: 2 at filepath: .\employees\salaries.ibd. Cannot open tablespace mysql/innodb_index_stats which uses space ID: 2 at filepath: .\mysql\innodb_index_stats.ibd
InnoDB: Error: could not open single-table tablespace file .\mysql\innodb_index_stats.ibd
InnoDB: We do not continue the crash recovery, because the table may become
InnoDB: corrupt if we cannot apply the log records in the InnoDB log to it.
InnoDB: To fix the problem and start mysqld:
InnoDB: 1) If there is a permission problem in the file and mysqld cannot
InnoDB: open the file, you should modify the permissions.
InnoDB: 2) If the table is not needed, or you can restore it from a backup,
InnoDB: then you can remove the .ibd file, and InnoDB will do a normal
InnoDB: crash recovery and ignore that table.
InnoDB: 3) If the file system or the disk is broken, and you cannot remove
InnoDB: the .ibd file, you can set innodb_force_recovery > 0 in my.cnf
InnoDB: and force InnoDB to continue crash recovery here.
2016-10-13 20:15:04 2544 [Note] Plugin 'FEDERATED' is disabled.
2016-10-13 20:15:04 2544 [Note] InnoDB: Using atomics to ref count buffer pool pages
2016-10-13 20:15:04 2544 [Note] InnoDB: The InnoDB memory heap is disabled
2016-10-13 20:15:04 2544 [Note] InnoDB: Mutexes and rw_locks use Windows interlocked functions
2016-10-13 20:15:04 2544 [Note] InnoDB: Memory barrier is not used
2016-10-13 20:15:04 2544 [Note] InnoDB: Compressed tables use zlib 1.2.3
2016-10-13 20:15:04 2544 [Note] InnoDB: Not using CPU crc32 instructions
2016-10-13 20:15:04 2544 [Note] InnoDB: Initializing buffer pool, size = 128.0M
2016-10-13 20:15:04 2544 [Note] InnoDB: Completed initialization of buffer pool
2016-10-13 20:15:04 2544 [Note] InnoDB: Highest supported file format is Barracuda.
2016-10-13 20:15:04 2544 [Note] InnoDB: The log sequence numbers 1600627 and 1600627 in ibdata files do not match the log sequence number 1680773 in the ib_logfiles!
2016-10-13 20:15:04 2544 [Note] InnoDB: Database was not shutdown normally!
2016-10-13 20:15:04 2544 [Note] InnoDB: Starting crash recovery.
2016-10-13 20:15:04 2544 [Note] InnoDB: Reading tablespace information from the .ibd files...
2016-10-13 20:15:05 2544 [ERROR] InnoDB: Attempted to open a previously opened tablespace. Previous tablespace employees/salaries uses space ID: 2 at filepath: .\employees\salaries.ibd. Cannot open tablespace mysql/innodb_index_stats which uses space ID: 2 at filepath: .\mysql\innodb_index_stats.ibd
InnoDB: Error: could not open single-table tablespace file .\mysql\innodb_index_stats.ibd
InnoDB: We do not continue the crash recovery, because the table may become
InnoDB: corrupt if we cannot apply the log records in the InnoDB log to it.
InnoDB: To fix the problem and start mysqld:
InnoDB: 1) If there is a permission problem in the file and mysqld cannot
InnoDB: open the file, you should modify the permissions.
InnoDB: 2) If the table is not needed, or you can restore it from a backup,
InnoDB: then you can remove the .ibd file, and InnoDB will do a normal
InnoDB: crash recovery and ignore that table.
InnoDB: 3) If the file system or the disk is broken, and you cannot remove
InnoDB: the .ibd file, you can set innodb_force_recovery > 0 in my.cnf
InnoDB: and force InnoDB to continue crash recovery here.
