VirtualBox VM 5.1.24 r117012 win.amd64 (Jul 17 2017 20:04:19) release log
00:00:01.667123 Log opened 2017-08-14T18:46:15.683026700Z
00:00:01.667127 Build Type: release
00:00:01.667135 OS Product: Windows 10
00:00:01.667139 OS Release: 10.0.14393
00:00:01.667141 OS Service Pack: 
00:00:01.964928 DMI Product Name: 20DM008UUS
00:00:01.977508 DMI Product Version: ThinkPad S3 Yoga 14
00:00:01.977531 Host RAM: 8101MB (7.9GB) total, 3387MB (3.3GB) available
00:00:01.977540 Executable: C:\Program Files\Oracle\VirtualBox\VBoxHeadless.exe
00:00:01.977542 Process ID: 9960
00:00:01.977544 Package type: WINDOWS_64BITS_GENERIC
00:00:01.981638 Installed Extension Packs:
00:00:01.982786   None installed!
00:00:01.985461 Console: Machine state changed to 'Starting'
00:00:02.332479 SUP: Loaded VMMR0.r0 (C:\Program Files\Oracle\VirtualBox\VMMR0.r0) at 0xXXXXXXXXXXXXXXXX - ModuleInit at XXXXXXXXXXXXXXXX and ModuleTerm at XXXXXXXXXXXXXXXX using the native ring-0 loader
00:00:02.332875 SUP: VMMR0EntryEx located at XXXXXXXXXXXXXXXX and VMMR0EntryFast at XXXXXXXXXXXXXXXX
00:00:02.333114 SUP: windbg> .reload /f C:\Program Files\Oracle\VirtualBox\VMMR0.r0=0xXXXXXXXXXXXXXXXX
00:00:02.338621 Guest OS type: 'Linux26_64'
00:00:02.342781 fHMForced=true - 64-bit guest
00:00:02.353065 File system of 'C:\Users\Nadya\.docker\machine\machines\box\boot2docker.iso' (DVD) is ntfs
00:00:02.357303 File system of 'C:\Users\Nadya\.docker\machine\machines\box\box\Snapshots' (snapshots) is unknown
00:00:02.357553 File system of 'C:\Users\Nadya\.docker\machine\machines\box\disk.vmdk' is ntfs
00:00:03.301053 Shared clipboard service loaded
00:00:03.301274 Shared clipboard mode: Off
00:00:03.379274 Drag and drop service loaded
00:00:03.379562 Drag and drop mode: Off
00:00:03.723786 Guest Control service loaded
00:00:07.399694 Per-VM extradata API settings:
00:00:07.399925   VBoxInternal2/SharedFoldersEnableSymlinksCreate/c/Users="1"
00:00:07.400705 ************************* CFGM dump *************************
00:00:07.400709 [/] (level 0)
00:00:07.400716   CSAMEnabled       <integer> = 0x0000000000000001 (1)
00:00:07.400722   CpuExecutionCap   <integer> = 0x0000000000000064 (100)
00:00:07.400726   EnablePAE         <integer> = 0x0000000000000001 (1)
00:00:07.400730   HMEnabled         <integer> = 0x0000000000000001 (1)
00:00:07.400733   MemBalloonSize    <integer> = 0x0000000000000000 (0)
00:00:07.400736   Name              <string>  = "box" (cb=4)
00:00:07.400739   NumCPUs           <integer> = 0x0000000000000001 (1)
00:00:07.400742   PATMEnabled       <integer> = 0x0000000000000001 (1)
00:00:07.400745   PageFusionAllowed <integer> = 0x0000000000000000 (0)
00:00:07.400748   RamHoleSize       <integer> = 0x0000000020000000 (536 870 912, 512 MB)
00:00:07.400753   RamSize           <integer> = 0x0000000040000000 (1 073 741 824, 1 024 MB)
00:00:07.400758   RawR0Enabled      <integer> = 0x0000000000000001 (1)
00:00:07.400761   RawR3Enabled      <integer> = 0x0000000000000001 (1)
00:00:07.400764   TimerMillies      <integer> = 0x000000000000000a (10)
00:00:07.400767   UUID              <bytes>   = "74 6f 75 74 67 87 aa 45 af d1 80 56 b4 9e 7d 2c" (cb=16)
00:00:07.400777 
00:00:07.400778 [/CPUM/] (level 1)
00:00:07.400782   GuestCpuName       <string>  = "host" (cb=5)
00:00:07.400785   PortableCpuIdLevel <integer> = 0x0000000000000000 (0)
00:00:07.400788 
00:00:07.400789 [/DBGC/] (level 1)
00:00:07.400792   GlobalInitScript <string>  = "C:\Users\Nadya\.VirtualBox/dbgc-init" (cb=37)
00:00:07.400795   HistoryFile      <string>  = "C:\Users\Nadya\.VirtualBox/dbgc-history" (cb=40)
00:00:07.400798   LocalInitScript  <string>  = "C:\Users\Nadya\.docker\machine\machines\box\box/dbgc-init" (cb=58)
00:00:07.400801 
00:00:07.400802 [/DBGF/] (level 1)
00:00:07.400805   Path <string>  = "C:\Users\Nadya\.docker\machine\machines\box\box/debug/;C:\Users\Nadya\.docker\machine\machines\box\box/;C:\Users\Nadya\" (cb=120)
00:00:07.400808 
00:00:07.400809 [/Devices/] (level 1)
00:00:07.400812 
00:00:07.400813 [/Devices/8237A/] (level 2)
00:00:07.400816 
00:00:07.400817 [/Devices/8237A/0/] (level 3)
00:00:07.400821   Trusted <integer> = 0x0000000000000001 (1)
00:00:07.400823 
00:00:07.400825 [/Devices/GIMDev/] (level 2)
00:00:07.400828 
00:00:07.400829 [/Devices/GIMDev/0/] (level 3)
00:00:07.400832   Trusted <integer> = 0x0000000000000001 (1)
00:00:07.400835 
00:00:07.400836 [/Devices/VMMDev/] (level 2)
00:00:07.400839 
00:00:07.400840 [/Devices/VMMDev/0/] (level 3)
00:00:07.400844   PCIBusNo      <integer> = 0x0000000000000000 (0)
00:00:07.400847   PCIDeviceNo   <integer> = 0x0000000000000004 (4)
00:00:07.400849   PCIFunctionNo <integer> = 0x0000000000000000 (0)
00:00:07.400852   Trusted       <integer> = 0x0000000000000001 (1)
00:00:07.400855 
00:00:07.400856 [/Devices/VMMDev/0/Config/] (level 4)
00:00:07.400860   GuestCoreDumpDir <string>  = "C:\Users\Nadya\.docker\machine\machines\box\box\Snapshots" (cb=58)
00:00:07.400863 
00:00:07.400864 [/Devices/VMMDev/0/LUN#0/] (level 4)
00:00:07.400868   Driver <string>  = "HGCM" (cb=5)
00:00:07.400870 
00:00:07.400871 [/Devices/VMMDev/0/LUN#0/Config/] (level 5)
00:00:07.400876   Object <integer> = 0x00000000020a9e70 (34 250 352)
00:00:07.400880 
00:00:07.400881 [/Devices/VMMDev/0/LUN#999/] (level 4)
00:00:07.400884   Driver <string>  = "MainStatus" (cb=11)
00:00:07.400887 
00:00:07.400887 [/Devices/VMMDev/0/LUN#999/Config/] (level 5)
00:00:07.400891   First   <integer> = 0x0000000000000000 (0)
00:00:07.400894   Last    <integer> = 0x0000000000000000 (0)
00:00:07.400896   papLeds <integer> = 0x00000000020ab838 (34 256 952)
00:00:07.400899 
00:00:07.400901 [/Devices/acpi/] (level 2)
00:00:07.400904 
00:00:07.400904 [/Devices/acpi/0/] (level 3)
00:00:07.400908   PCIBusNo      <integer> = 0x0000000000000000 (0)
00:00:07.400911   PCIDeviceNo   <integer> = 0x0000000000000007 (7)
00:00:07.400913   PCIFunctionNo <integer> = 0x0000000000000000 (0)
00:00:07.400916   Trusted       <integer> = 0x0000000000000001 (1)
00:00:07.400919 
00:00:07.400920 [/Devices/acpi/0/Config/] (level 4)
00:00:07.400925   CpuHotPlug          <integer> = 0x0000000000000000 (0)
00:00:07.400928   FdcEnabled          <integer> = 0x0000000000000000 (0)
00:00:07.400931   HostBusPciAddress   <integer> = 0x0000000000000000 (0)
00:00:07.400934   HpetEnabled         <integer> = 0x0000000000000001 (1)
00:00:07.400936   IOAPIC              <integer> = 0x0000000000000001 (1)
00:00:07.400939   IocPciAddress       <integer> = 0x0000000000010000 (65 536)
00:00:07.400943   NumCPUs             <integer> = 0x0000000000000001 (1)
00:00:07.400946   Parallel0IoPortBase <integer> = 0x0000000000000000 (0)
00:00:07.400949   Parallel0Irq        <integer> = 0x0000000000000000 (0)
00:00:07.400952   Parallel1IoPortBase <integer> = 0x0000000000000000 (0)
00:00:07.400955   Parallel1Irq        <integer> = 0x0000000000000000 (0)
00:00:07.400958   Serial0IoPortBase   <integer> = 0x0000000000000000 (0)
00:00:07.400960   Serial0Irq          <integer> = 0x0000000000000000 (0)
00:00:07.400963   Serial1IoPortBase   <integer> = 0x0000000000000000 (0)
00:00:07.400966   Serial1Irq          <integer> = 0x0000000000000000 (0)
00:00:07.400969   ShowCpu             <integer> = 0x0000000000000001 (1)
00:00:07.400973   ShowRtc             <integer> = 0x0000000000000000 (0)
00:00:07.400976   SmcEnabled          <integer> = 0x0000000000000000 (0)
00:00:07.400979 
00:00:07.400980 [/Devices/acpi/0/LUN#0/] (level 4)
00:00:07.400984   Driver <string>  = "ACPIHost" (cb=9)
00:00:07.400986 
00:00:07.400987 [/Devices/acpi/0/LUN#0/Config/] (level 5)
00:00:07.400992 
00:00:07.400993 [/Devices/ahci/] (level 2)
00:00:07.400996 
00:00:07.400997 [/Devices/ahci/0/] (level 3)
00:00:07.401001   PCIBusNo      <integer> = 0x0000000000000000 (0)
00:00:07.401004   PCIDeviceNo   <integer> = 0x000000000000000d (13)
00:00:07.401007   PCIFunctionNo <integer> = 0x0000000000000000 (0)
00:00:07.401010   Trusted       <integer> = 0x0000000000000001 (1)
00:00:07.401013 
00:00:07.401014 [/Devices/ahci/0/Config/] (level 4)
00:00:07.401018   Bootable  <integer> = 0x0000000000000001 (1)
00:00:07.401020   PortCount <integer> = 0x000000000000001e (30)
00:00:07.401023 
00:00:07.401024 [/Devices/ahci/0/Config/Port0/] (level 5)
00:00:07.401029   Hotpluggable        <integer> = 0x0000000000000000 (0)
00:00:07.401032   NonRotationalMedium <integer> = 0x0000000000000000 (0)
00:00:07.401035 
00:00:07.401036 [/Devices/ahci/0/Config/Port1/] (level 5)
00:00:07.401041   Hotpluggable        <integer> = 0x0000000000000000 (0)
00:00:07.401044   NonRotationalMedium <integer> = 0x0000000000000000 (0)
00:00:07.401046 
00:00:07.401047 [/Devices/ahci/0/LUN#0/] (level 4)
00:00:07.401052   Driver <string>  = "VD" (cb=3)
00:00:07.401055 
00:00:07.401056 [/Devices/ahci/0/LUN#0/Config/] (level 5)
00:00:07.401061   Format    <string>  = "RAW" (cb=4)
00:00:07.401063   Mountable <integer> = 0x0000000000000001 (1)
00:00:07.401066   Path      <string>  = "C:\Users\Nadya\.docker\machine\machines\box\boot2docker.iso" (cb=60)
00:00:07.401069   ReadOnly  <integer> = 0x0000000000000001 (1)
00:00:07.401072   Type      <string>  = "DVD" (cb=4)
00:00:07.401075 
00:00:07.401076 [/Devices/ahci/0/LUN#1/] (level 4)
00:00:07.401080   Driver <string>  = "VD" (cb=3)
00:00:07.401082 
00:00:07.401083 [/Devices/ahci/0/LUN#1/Config/] (level 5)
00:00:07.401091   Format    <string>  = "VMDK" (cb=5)
00:00:07.401093   Mountable <integer> = 0x0000000000000000 (0)
00:00:07.401096   Path      <string>  = "C:\Users\Nadya\.docker\machine\machines\box\disk.vmdk" (cb=54)
00:00:07.401099   Type      <string>  = "HardDisk" (cb=9)
00:00:07.401101 
00:00:07.401103 [/Devices/ahci/0/LUN#999/] (level 4)
00:00:07.401107   Driver <string>  = "MainStatus" (cb=11)
00:00:07.401109 
00:00:07.401110 [/Devices/ahci/0/LUN#999/Config/] (level 5)
00:00:07.401115   DeviceInstance        <string>  = "ahci/0" (cb=7)
00:00:07.401118   First                 <integer> = 0x0000000000000000 (0)
00:00:07.401121   Last                  <integer> = 0x000000000000001d (29)
00:00:07.401124   pConsole              <integer> = 0x00000000020ab030 (34 254 896)
00:00:07.401128   papLeds               <integer> = 0x00000000020ab438 (34 255 928)
00:00:07.401132   pmapMediumAttachments <integer> = 0x00000000020ab858 (34 256 984)
00:00:07.401135 
00:00:07.401136 [/Devices/apic/] (level 2)
00:00:07.401139 
00:00:07.401140 [/Devices/apic/0/] (level 3)
00:00:07.401143   Trusted <integer> = 0x0000000000000001 (1)
00:00:07.401145 
00:00:07.401146 [/Devices/apic/0/Config/] (level 4)
00:00:07.401150   IOAPIC  <integer> = 0x0000000000000001 (1)
00:00:07.401153   Mode    <integer> = 0x0000000000000002 (2)
00:00:07.401155   NumCPUs <integer> = 0x0000000000000001 (1)
00:00:07.401158 
00:00:07.401159 [/Devices/e1000/] (level 2)
00:00:07.401162 
00:00:07.401163 [/Devices/e1000/0/] (level 3)
00:00:07.401166   PCIBusNo      <integer> = 0x0000000000000000 (0)
00:00:07.401169   PCIDeviceNo   <integer> = 0x0000000000000003 (3)
00:00:07.401171   PCIFunctionNo <integer> = 0x0000000000000000 (0)
00:00:07.401173   Trusted       <integer> = 0x0000000000000001 (1)
00:00:07.401176 
00:00:07.401177 [/Devices/e1000/0/Config/] (level 4)
00:00:07.401180   AdapterType    <integer> = 0x0000000000000000 (0)
00:00:07.401183   CableConnected <integer> = 0x0000000000000001 (1)
00:00:07.401185   LineSpeed      <integer> = 0x0000000000000000 (0)
00:00:07.401188   MAC            <bytes>   = "08 00 27 d0 66 49" (cb=6)
00:00:07.401193 
00:00:07.401195 [/Devices/e1000/0/LUN#0/] (level 4)
00:00:07.401198   Driver <string>  = "NAT" (cb=4)
00:00:07.401200 
00:00:07.401201 [/Devices/e1000/0/LUN#0/Config/] (level 5)
00:00:07.401206   AliasMode       <integer> = 0x0000000000000000 (0)
00:00:07.401209   BootFile        <string>  = "box.pxe" (cb=8)
00:00:07.401211   DNSProxy        <integer> = 0x0000000000000001 (1)
00:00:07.401214   Network         <string>  = "10.0.2.0/24" (cb=12)
00:00:07.401217   PassDomain      <integer> = 0x0000000000000001 (1)
00:00:07.401220   TFTPPrefix      <string>  = "C:\Users\Nadya\.VirtualBox\TFTP" (cb=32)
00:00:07.401223   UseHostResolver <integer> = 0x0000000000000000 (0)
00:00:07.401225 
00:00:07.401226 [/Devices/e1000/0/LUN#0/Config/PortForwarding/] (level 6)
00:00:07.401231 
00:00:07.401232 [/Devices/e1000/0/LUN#0/Config/PortForwarding/0/] (level 7)
00:00:07.401238   BindIP    <string>  = "127.0.0.1" (cb=10)
00:00:07.401240   GuestPort <integer> = 0x0000000000000016 (22)
00:00:07.401243   HostPort  <integer> = 0x000000000000e264 (57 956)
00:00:07.401246   Name      <string>  = "ssh" (cb=4)
00:00:07.401249   Protocol  <string>  = "TCP" (cb=4)
00:00:07.401251 
00:00:07.401252 [/Devices/e1000/0/LUN#999/] (level 4)
00:00:07.401256   Driver <string>  = "MainStatus" (cb=11)
00:00:07.401258 
00:00:07.401259 [/Devices/e1000/0/LUN#999/Config/] (level 5)
00:00:07.401264   First   <integer> = 0x0000000000000000 (0)
00:00:07.401266   Last    <integer> = 0x0000000000000000 (0)
00:00:07.401269   papLeds <integer> = 0x00000000020ab718 (34 256 664)
00:00:07.401272 
00:00:07.401273 [/Devices/e1000/1/] (level 3)
00:00:07.401277   PCIBusNo      <integer> = 0x0000000000000000 (0)
00:00:07.401280   PCIDeviceNo   <integer> = 0x0000000000000008 (8)
00:00:07.401283   PCIFunctionNo <integer> = 0x0000000000000000 (0)
00:00:07.401285   Trusted       <integer> = 0x0000000000000001 (1)
00:00:07.401288 
00:00:07.401289 [/Devices/e1000/1/Config/] (level 4)
00:00:07.401293   AdapterType    <integer> = 0x0000000000000000 (0)
00:00:07.401296   CableConnected <integer> = 0x0000000000000001 (1)
00:00:07.401299   LineSpeed      <integer> = 0x0000000000000000 (0)
00:00:07.401302   MAC            <bytes>   = "08 00 27 73 d4 14" (cb=6)
00:00:07.401306 
00:00:07.401307 [/Devices/e1000/1/LUN#0/] (level 4)
00:00:07.401311   Driver <string>  = "IntNet" (cb=7)
00:00:07.401313 
00:00:07.401313 [/Devices/e1000/1/LUN#0/Config/] (level 5)
00:00:07.401318   IfPolicyPromisc      <string>  = "deny" (cb=5)
00:00:07.401320   IgnoreConnectFailure <integer> = 0x0000000000000000 (0)
00:00:07.401323   Network              <string>  = "HostInterfaceNetworking-VirtualBox Host-Only Ethernet Adapter #2" (cb=65)
00:00:07.401326   Trunk                <string>  = "\DEVICE\{6196E681-E1EE-4B4B-8FA1-FD6B1B966F05}" (cb=47)
00:00:07.401329   TrunkType            <integer> = 0x0000000000000003 (3)
00:00:07.401331 
00:00:07.401332 [/Devices/e1000/1/LUN#999/] (level 4)
00:00:07.401336   Driver <string>  = "MainStatus" (cb=11)
00:00:07.401338 
00:00:07.401339 [/Devices/e1000/1/LUN#999/Config/] (level 5)
00:00:07.401344   First   <integer> = 0x0000000000000000 (0)
00:00:07.401346   Last    <integer> = 0x0000000000000000 (0)
00:00:07.401348   papLeds <integer> = 0x00000000020ab720 (34 256 672)
00:00:07.401352 
00:00:07.401353 [/Devices/hpet/] (level 2)
00:00:07.401356 
00:00:07.401357 [/Devices/hpet/0/] (level 3)
00:00:07.401360   Trusted <integer> = 0x0000000000000001 (1)
00:00:07.401363 
00:00:07.401364 [/Devices/hpet/0/Config/] (level 4)
00:00:07.401367   ICH9 <integer> = 0x0000000000000000 (0)
00:00:07.401369 
00:00:07.401370 [/Devices/i8254/] (level 2)
00:00:07.401374 
00:00:07.401375 [/Devices/i8254/0/] (level 3)
00:00:07.401378 
00:00:07.401379 [/Devices/i8254/0/Config/] (level 4)
00:00:07.401383 
00:00:07.401384 [/Devices/i8259/] (level 2)
00:00:07.401387 
00:00:07.401388 [/Devices/i8259/0/] (level 3)
00:00:07.401391   Trusted <integer> = 0x0000000000000001 (1)
00:00:07.401394 
00:00:07.401395 [/Devices/i8259/0/Config/] (level 4)
00:00:07.401398 
00:00:07.401399 [/Devices/ichac97/] (level 2)
00:00:07.401402 
00:00:07.401403 [/Devices/ichac97/0/] (level 3)
00:00:07.401407   PCIBusNo      <integer> = 0x0000000000000000 (0)
00:00:07.401409   PCIDeviceNo   <integer> = 0x0000000000000005 (5)
00:00:07.401412   PCIFunctionNo <integer> = 0x0000000000000000 (0)
00:00:07.401415   Trusted       <integer> = 0x0000000000000001 (1)
00:00:07.401417 
00:00:07.401418 [/Devices/ichac97/0/AudioConfig/] (level 4)
00:00:07.401422 
00:00:07.401423 [/Devices/ichac97/0/Config/] (level 4)
00:00:07.401427   Codec <string>  = "STAC9700" (cb=9)
00:00:07.401430 
00:00:07.401431 [/Devices/ichac97/0/LUN#0/] (level 4)
00:00:07.401435   Driver <string>  = "AUDIO" (cb=6)
00:00:07.401437 
00:00:07.401438 [/Devices/ichac97/0/LUN#0/AttachedDriver/] (level 5)
00:00:07.401442   Driver <string>  = "DSoundAudio" (cb=12)
00:00:07.401445 
00:00:07.401446 [/Devices/ichac97/0/LUN#0/AttachedDriver/Config/] (level 6)
00:00:07.401450   StreamName <string>  = "box" (cb=4)
00:00:07.401452 
00:00:07.401454 [/Devices/ichac97/0/LUN#0/Config/] (level 5)
00:00:07.401458 
00:00:07.401459 [/Devices/ichac97/0/LUN#1/] (level 4)
00:00:07.401462   Driver <string>  = "AUDIO" (cb=6)
00:00:07.401464 
00:00:07.401465 [/Devices/ichac97/0/LUN#1/AttachedDriver/] (level 5)
00:00:07.401469   Driver <string>  = "AudioVRDE" (cb=10)
00:00:07.401472 
00:00:07.401473 [/Devices/ichac97/0/LUN#1/AttachedDriver/Config/] (level 6)
00:00:07.401477   AudioDriver      <string>  = "AudioVRDE" (cb=10)
00:00:07.401480   Object           <integer> = 0x00000000020ac950 (34 261 328)
00:00:07.401484   ObjectVRDPServer <integer> = 0x00000000020b50e0 (34 296 032)
00:00:07.401487   StreamName       <string>  = "box" (cb=4)
00:00:07.401490 
00:00:07.401491 [/Devices/ioapic/] (level 2)
00:00:07.401494 
00:00:07.401495 [/Devices/ioapic/0/] (level 3)
00:00:07.401498   Trusted <integer> = 0x0000000000000001 (1)
00:00:07.401501 
00:00:07.401502 [/Devices/ioapic/0/Config/] (level 4)
00:00:07.401506   NumCPUs <integer> = 0x0000000000000001 (1)
00:00:07.401509 
00:00:07.401510 [/Devices/mc146818/] (level 2)
00:00:07.401513 
00:00:07.401514 [/Devices/mc146818/0/] (level 3)
00:00:07.401517 
00:00:07.401518 [/Devices/mc146818/0/Config/] (level 4)
00:00:07.401522   UseUTC <integer> = 0x0000000000000001 (1)
00:00:07.401525 
00:00:07.401526 [/Devices/parallel/] (level 2)
00:00:07.401529 
00:00:07.401530 [/Devices/pcarch/] (level 2)
00:00:07.401533 
00:00:07.401534 [/Devices/pcarch/0/] (level 3)
00:00:07.401537   Trusted <integer> = 0x0000000000000001 (1)
00:00:07.401539 
00:00:07.401540 [/Devices/pcarch/0/Config/] (level 4)
00:00:07.401544 
00:00:07.401545 [/Devices/pcbios/] (level 2)
00:00:07.401548 
00:00:07.401549 [/Devices/pcbios/0/] (level 3)
00:00:07.401552   Trusted <integer> = 0x0000000000000001 (1)
00:00:07.401554 
00:00:07.401555 [/Devices/pcbios/0/Config/] (level 4)
00:00:07.401560   APIC               <integer> = 0x0000000000000001 (1)
00:00:07.401563   BootDevice0        <string>  = "DVD" (cb=4)
00:00:07.401565   BootDevice1        <string>  = "DVD" (cb=4)
00:00:07.401568   BootDevice2        <string>  = "IDE" (cb=4)
00:00:07.401570   BootDevice3        <string>  = "NONE" (cb=5)
00:00:07.401572   FloppyDevice       <string>  = "i82078" (cb=7)
00:00:07.401575   HardDiskDevice     <string>  = "piix3ide" (cb=9)
00:00:07.401577   IOAPIC             <integer> = 0x0000000000000001 (1)
00:00:07.401580   McfgBase           <integer> = 0x0000000000000000 (0)
00:00:07.401584   McfgLength         <integer> = 0x0000000000000000 (0)
00:00:07.401587   NumCPUs            <integer> = 0x0000000000000001 (1)
00:00:07.401590   PXEDebug           <integer> = 0x0000000000000000 (0)
00:00:07.401593   SataHardDiskDevice <string>  = "ahci" (cb=5)
00:00:07.401595   SataLUN1           <integer> = 0x0000000000000001 (1)
00:00:07.401598   UUID               <bytes>   = "74 6f 75 74 67 87 aa 45 af d1 80 56 b4 9e 7d 2c" (cb=16)
00:00:07.401607 
00:00:07.401608 [/Devices/pcbios/0/Config/NetBoot/] (level 5)
00:00:07.401612 
00:00:07.401613 [/Devices/pcbios/0/Config/NetBoot/0/] (level 6)
00:00:07.401618   NIC           <integer> = 0x0000000000000000 (0)
00:00:07.401621   PCIBusNo      <integer> = 0x0000000000000000 (0)
00:00:07.401624   PCIDeviceNo   <integer> = 0x0000000000000003 (3)
00:00:07.401626   PCIFunctionNo <integer> = 0x0000000000000000 (0)
00:00:07.401629 
00:00:07.401630 [/Devices/pci/] (level 2)
00:00:07.401632 
00:00:07.401633 [/Devices/pci/0/] (level 3)
00:00:07.401637   Trusted <integer> = 0x0000000000000001 (1)
00:00:07.401640 
00:00:07.401641 [/Devices/pci/0/Config/] (level 4)
00:00:07.401645   IOAPIC <integer> = 0x0000000000000001 (1)
00:00:07.401647 
00:00:07.401648 [/Devices/pckbd/] (level 2)
00:00:07.401650 
00:00:07.401651 [/Devices/pckbd/0/] (level 3)
00:00:07.401654   Trusted <integer> = 0x0000000000000001 (1)
00:00:07.401657 
00:00:07.401658 [/Devices/pckbd/0/Config/] (level 4)
00:00:07.401661 
00:00:07.401662 [/Devices/pckbd/0/LUN#0/] (level 4)
00:00:07.401666   Driver <string>  = "KeyboardQueue" (cb=14)
00:00:07.401668 
00:00:07.401669 [/Devices/pckbd/0/LUN#0/AttachedDriver/] (level 5)
00:00:07.401673   Driver <string>  = "MainKeyboard" (cb=13)
00:00:07.401675 
00:00:07.401676 [/Devices/pckbd/0/LUN#0/AttachedDriver/Config/] (level 6)
00:00:07.401680   Object <integer> = 0x00000000020afdd0 (34 274 768)
00:00:07.401684 
00:00:07.401685 [/Devices/pckbd/0/LUN#0/Config/] (level 5)
00:00:07.401689   QueueSize <integer> = 0x0000000000000040 (64)
00:00:07.401692 
00:00:07.401693 [/Devices/pckbd/0/LUN#1/] (level 4)
00:00:07.401696   Driver <string>  = "MouseQueue" (cb=11)
00:00:07.401698 
00:00:07.401699 [/Devices/pckbd/0/LUN#1/AttachedDriver/] (level 5)
00:00:07.401703   Driver <string>  = "MainMouse" (cb=10)
00:00:07.401706 
00:00:07.401707 [/Devices/pckbd/0/LUN#1/AttachedDriver/Config/] (level 6)
00:00:07.401711   Object <integer> = 0x00000000020b0410 (34 276 368)
00:00:07.401714 
00:00:07.401715 [/Devices/pckbd/0/LUN#1/Config/] (level 5)
00:00:07.401719   QueueSize <integer> = 0x0000000000000080 (128)
00:00:07.401722 
00:00:07.401723 [/Devices/pcnet/] (level 2)
00:00:07.401726 
00:00:07.401727 [/Devices/serial/] (level 2)
00:00:07.401730 
00:00:07.401731 [/Devices/vga/] (level 2)
00:00:07.401734 
00:00:07.401735 [/Devices/vga/0/] (level 3)
00:00:07.401738   PCIBusNo      <integer> = 0x0000000000000000 (0)
00:00:07.401741   PCIDeviceNo   <integer> = 0x0000000000000002 (2)
00:00:07.401744   PCIFunctionNo <integer> = 0x0000000000000000 (0)
00:00:07.401746   Trusted       <integer> = 0x0000000000000001 (1)
00:00:07.401749 
00:00:07.401750 [/Devices/vga/0/Config/] (level 4)
00:00:07.401754   CustomVideoModes <integer> = 0x0000000000000000 (0)
00:00:07.401757   FadeIn           <integer> = 0x0000000000000000 (0)
00:00:07.401760   FadeOut          <integer> = 0x0000000000000000 (0)
00:00:07.401763   HeightReduction  <integer> = 0x0000000000000000 (0)
00:00:07.401766   LogoFile         <string>  = "" (cb=1)
00:00:07.401768   LogoTime         <integer> = 0x0000000000000000 (0)
00:00:07.401771   MonitorCount     <integer> = 0x0000000000000001 (1)
00:00:07.401774   ShowBootMenu     <integer> = 0x0000000000000000 (0)
00:00:07.401777   VRamSize         <integer> = 0x0000000000800000 (8 388 608, 8 MB)
00:00:07.401782 
00:00:07.401783 [/Devices/vga/0/LUN#0/] (level 4)
00:00:07.401787   Driver <string>  = "MainDisplay" (cb=12)
00:00:07.401789 
00:00:07.401790 [/Devices/vga/0/LUN#0/Config/] (level 5)
00:00:07.401794   Object <integer> = 0x00000000020b0c80 (34 278 528)
00:00:07.401797 
00:00:07.401798 [/Devices/vga/0/LUN#999/] (level 4)
00:00:07.401802   Driver <string>  = "MainStatus" (cb=11)
00:00:07.401804 
00:00:07.401805 [/Devices/vga/0/LUN#999/Config/] (level 5)
00:00:07.401810   First   <integer> = 0x0000000000000000 (0)
00:00:07.401813   Last    <integer> = 0x0000000000000000 (0)
00:00:07.401816   papLeds <integer> = 0x00000000020ab850 (34 256 976)
00:00:07.401819 
00:00:07.401821 [/Devices/virtio-net/] (level 2)
00:00:07.401824 
00:00:07.401825 [/EM/] (level 1)
00:00:07.401828   TripleFaultReset <integer> = 0x0000000000000000 (0)
00:00:07.401831 
00:00:07.401832 [/GIM/] (level 1)
00:00:07.401835   Provider <string>  = "KVM" (cb=4)
00:00:07.401837 
00:00:07.401838 [/HM/] (level 1)
00:00:07.401841   64bitEnabled       <integer> = 0x0000000000000001 (1)
00:00:07.401844   EnableLargePages   <integer> = 0x0000000000000001 (1)
00:00:07.401847   EnableNestedPaging <integer> = 0x0000000000000001 (1)
00:00:07.401849   EnableUX           <integer> = 0x0000000000000001 (1)
00:00:07.401852   EnableVPID         <integer> = 0x0000000000000001 (1)
00:00:07.401856   Exclusive          <integer> = 0x0000000000000000 (0)
00:00:07.401859   HMForced           <integer> = 0x0000000000000001 (1)
00:00:07.401862 
00:00:07.401863 [/MM/] (level 1)
00:00:07.401866   CanUseLargerHeap <integer> = 0x0000000000000000 (0)
00:00:07.401869 
00:00:07.401870 [/PDM/] (level 1)
00:00:07.401872 
00:00:07.401873 [/PDM/AsyncCompletion/] (level 2)
00:00:07.401877 
00:00:07.401878 [/PDM/AsyncCompletion/File/] (level 3)
00:00:07.401882 
00:00:07.401883 [/PDM/AsyncCompletion/File/BwGroups/] (level 4)
00:00:07.401888 
00:00:07.401889 [/PDM/BlkCache/] (level 2)
00:00:07.401892   CacheSize <integer> = 0x0000000000500000 (5 242 880, 5 MB)
00:00:07.401896 
00:00:07.401898 [/PDM/Devices/] (level 2)
00:00:07.401901 
00:00:07.401902 [/PDM/Drivers/] (level 2)
00:00:07.401905 
00:00:07.401906 [/PDM/Drivers/VBoxC/] (level 3)
00:00:07.401910   Path <string>  = "VBoxC" (cb=6)
00:00:07.401912 
00:00:07.401913 [/PDM/NetworkShaper/] (level 2)
00:00:07.401916 
00:00:07.401917 [/PDM/NetworkShaper/BwGroups/] (level 3)
00:00:07.401921 
00:00:07.401922 [/TM/] (level 1)
00:00:07.401924   UTCOffset <integer> = 0x0000000000000000 (0)
00:00:07.401927 
00:00:07.401929 ********************* End of CFGM dump **********************
00:00:07.402100 VM: fHMEnabled=true  (configured) fRecompileUser=false fRecompileSupervisor=false
00:00:07.402105 VM: fRawRing1Enabled=false CSAM=true  PATM=true 
00:00:07.403056 HM: HMR3Init: VT-x w/ nested paging and unrestricted guest execution hw support
00:00:07.403577 MM: cbHyperHeap=0x100000 (1048576)
00:00:07.410252 CPUM: fXStateHostMask=0x7; initial: 0x7; host XCR0=0x7
00:00:07.414447 CPUM: Matched host CPU INTEL 0x6/0x3d/0x4 Intel_Core7_Broadwell with CPU DB entry 'Intel Core i7-5600U' (INTEL 0x6/0x3d/0x4 Intel_Core7_Broadwell)
00:00:07.415177 CPUM: MXCSR_MASK=0xffff (host: 0xffff)
00:00:07.415489 CPUM: Microcode revision 0x00000021
00:00:07.415878 CPUM: SetGuestCpuIdFeature: Enabled PAE
00:00:07.416093 CPUM: VCPU  0: Cached APIC base MSR = 0x0
00:00:07.422322 PGM: HCPhysInterPD=000000009305d000 HCPhysInterPaePDPT=0000000093051000 HCPhysInterPaePML4=000000009302f000
00:00:07.422634 PGM: apInterPTs={000000009305b000,0000000093055000} apInterPaePTs={00000001a4191000,00000001a4192000} apInterPaePDs={00000001a4193000,00000001a4194000,00000001a4195000,00000001a4196000} pInterPaePDPT64=000000009304f000
00:00:07.422866 PGM: Host paging mode: AMD64+PGE+NX
00:00:07.423191 PGM: PGMPool: cMaxPages=560 (u64MaxPages=545)
00:00:07.423449 PGM: pgmR3PoolInit: cMaxPages=0x230 cMaxUsers=0x460 cMaxPhysExts=0x460 fCacheEnable=true 
00:00:07.461025 TM: GIP - u32Mode=3 (Invariant) u32UpdateHz=92 u32UpdateIntervalNS=10753600 enmUseTscDelta=2 (Pratically Zero) fGetGipCpu=0xb cCpus=4
00:00:07.461722 TM: GIP - u64CpuHz=2 194 922 469 (0x82d3dbe5)  SUPGetCpuHzFromGip => 2 194 922 469
00:00:07.462103 TM: GIP - CPU: iCpuSet=0x0 idCpu=0x0 idApic=0x0 iGipCpu=0x0 i64TSCDelta=0 enmState=3 u64CpuHz=2194922469(*) cErrors=0
00:00:07.462259 TM: GIP - CPU: iCpuSet=0x1 idCpu=0x1 idApic=0x1 iGipCpu=0x2 i64TSCDelta=0 enmState=3 u64CpuHz=2194919412(*) cErrors=0
00:00:07.462393 TM: GIP - CPU: iCpuSet=0x2 idCpu=0x2 idApic=0x2 iGipCpu=0x3 i64TSCDelta=0 enmState=3 u64CpuHz=2194922608(*) cErrors=0
00:00:07.462519 TM: GIP - CPU: iCpuSet=0x3 idCpu=0x3 idApic=0x3 iGipCpu=0x1 i64TSCDelta=0 enmState=3 u64CpuHz=2194914194(*) cErrors=0
00:00:07.463469 TM: cTSCTicksPerSecond=2 194 922 469 (0x82d3dbe5) enmTSCMode=3 (Dynamic)
00:00:07.463478 TM: TSCTiedToExecution=false TSCNotTiedToHalt=false
00:00:07.465544 VMM: CoreCode: R3=0000000004990000 R0=XXXXXXXXXXXXXXXX RC=a055b000 Phys=0000000092fac000 cb=0x1000
00:00:07.467046 IEM: TargetCpu=CURRENT, Microarch=Intel_Core7_Broadwell
00:00:07.468126 GIM: Using provider 'KVM' (Implementation version: 0)
00:00:07.468418 CPUM: SetGuestCpuIdFeature: Enabled Hypervisor Present bit
00:00:07.469244 AIOMgr: Default manager type is 'Async'
00:00:07.469461 AIOMgr: Default file backend is 'NonBuffered'
00:00:07.479324 BlkCache: Cache successfully initialized. Cache size is 5242880 bytes
00:00:07.479534 BlkCache: Cache commit interval is 10000 ms
00:00:07.479728 BlkCache: Cache commit threshold is 2621440 bytes
00:00:08.155501 PcBios: [SMP] BIOS with 1 CPUs
00:00:08.156070 PcBios: Using the 386+ BIOS image.
00:00:08.157550 PcBios: MPS table at 000e1300
00:00:08.167548 PcBios: fCheckShutdownStatusForSoftReset=true   fClearShutdownStatusOnHardReset=true 
00:00:08.228593 SUP: Loaded VBoxDDR0.r0 (C:\Program Files\Oracle\VirtualBox\VBoxDDR0.r0) at 0xXXXXXXXXXXXXXXXX - ModuleInit at XXXXXXXXXXXXXXXX and ModuleTerm at XXXXXXXXXXXXXXXX using the native ring-0 loader
00:00:08.228849 SUP: windbg> .reload /f C:\Program Files\Oracle\VirtualBox\VBoxDDR0.r0=0xXXXXXXXXXXXXXXXX
00:00:08.231440 CPUM: SetGuestCpuIdFeature: Enabled xAPIC
00:00:08.232701 IOAPIC: Using implementation 2.0!
00:00:08.233310 PIT: mode=3 count=0x10000 (65536) - 18.20 Hz (ch=0)
00:00:08.262864 Shared Folders service loaded
00:00:08.269972 VGA: Using the 386+ BIOS image.
00:00:08.286063 DrvVD: Flushes will be ignored
00:00:08.286282 DrvVD: Async flushes will be passed to the disk
00:00:08.287362 VD: VDInit finished
00:00:08.287869 VD: Opening the disk took 1380123 ns
00:00:08.288245 AHCI: LUN#0: CD/DVD, total number of sectors 19968, passthrough disabled
00:00:08.288472 AHCI: LUN#0: using normal I/O
00:00:08.289068 DrvVD: Flushes will be ignored
00:00:08.289233 DrvVD: Async flushes will be passed to the disk
00:00:08.299366 VD: Opening the disk took 9968689 ns
00:00:08.299545 AHCI: LUN#1: disk, PCHS=16383/16/63, total number of sectors 40960000
00:00:08.299671 AHCI: LUN#1: using normal I/O
00:00:08.300115 AHCI: Port2: No driver attached
00:00:08.300233 AHCI: Port3: No driver attached
00:00:08.300336 AHCI: Port4: No driver attached
00:00:08.300430 AHCI: Port5: No driver attached
00:00:08.300523 AHCI: Port6: No driver attached
00:00:08.300612 AHCI: Port7: No driver attached
00:00:08.300697 AHCI: Port8: No driver attached
00:00:08.300789 AHCI: Port9: No driver attached
00:00:08.300876 AHCI: Port10: No driver attached
00:00:08.300961 AHCI: Port11: No driver attached
00:00:08.301045 AHCI: Port12: No driver attached
00:00:08.301130 AHCI: Port13: No driver attached
00:00:08.301214 AHCI: Port14: No driver attached
00:00:08.301299 AHCI: Port15: No driver attached
00:00:08.301387 AHCI: Port16: No driver attached
00:00:08.301472 AHCI: Port17: No driver attached
00:00:08.301558 AHCI: Port18: No driver attached
00:00:08.301644 AHCI: Port19: No driver attached
00:00:08.301735 AHCI: Port20: No driver attached
00:00:08.301820 AHCI: Port21: No driver attached
00:00:08.301905 AHCI: Port22: No driver attached
00:00:08.301990 AHCI: Port23: No driver attached
00:00:08.302075 AHCI: Port24: No driver attached
00:00:08.302160 AHCI: Port25: No driver attached
00:00:08.302245 AHCI: Port26: No driver attached
00:00:08.302336 AHCI: Port27: No driver attached
00:00:08.302430 AHCI: Port28: No driver attached
00:00:08.302516 AHCI: Port29: No driver attached
00:00:08.302689 AHCI#0: Reset the HBA
00:00:08.302987 E1000#0 Chip=82540EM LinkUpDelay=5000ms EthernetCRC=on GSO=enabled Itr=enabled ItrRx=enabled R0=enabled GC=enabled
00:00:08.350607 NAT: Guest address guess set to 10.0.2.15 by initialization
00:00:08.373098 NAT: DNS#0: 10.11.80.1
00:00:08.575649 NAT: Set redirect TCP 127.0.0.1:57956 -> 0.0.0.0:22
00:00:08.577687 E1000#1 Chip=82540EM LinkUpDelay=5000ms EthernetCRC=on GSO=enabled Itr=enabled ItrRx=enabled R0=enabled GC=enabled
00:00:08.578264 IntNet#0: szNetwork={HostInterfaceNetworking-VirtualBox Host-Only Ethernet Adapter #2} enmTrunkType=3 szTrunk={\DEVICE\{6196E681-E1EE-4B4B-8FA1-FD6B1B966F05}} fFlags=0x8000 cbRecv=325632 cbSend=196608 fIgnoreConnectFailure=false
00:00:08.579489 Audio: Initializing DirectSound audio driver
00:00:09.044789 DSound: Output: GUID: {8FAB0FF4-15B0-4828-9574-53E5359FE8D7} [Speaker/HP (Realtek High Definition Audio)] (Module: {0.0.0.00000000}.{8fab0ff4-15b0-4828-9574-53e5359fe8d7})
00:00:09.623011 DSound: Input: GUID: {80D3C440-9284-4C16-92FC-6608EDA2782A} [Microphone (Realtek High Definition Audio)] (Module: {0.0.1.00000000}.{80d3c440-9284-4c16-92fc-6608eda2782a})
00:00:09.623212 DSound: Found 1 host playback devices
00:00:09.623366 DSound: Found 1 host capturing devices
00:00:09.626624 Audio: Host audio backend supports 1 output streams and 1 input streams at once
00:00:09.626837 Audio: Initializing VRDE driver
00:00:09.627082 Audio: Host audio backend supports 1 output streams and 2 input streams at once
00:00:09.627431 AC97: Reset
00:00:09.628867 DSound: Guest "Line In" is using host device with GUID: {Default device}
00:00:09.932426 Audio: Skipping to create input stream "[LUN#0] ac97.mc", as the host audio backend reached its maximum of concurrent audio input streams
00:00:09.957965 PGM: The CPU physical address width is 39 bits
00:00:09.958144 PGM: PGMR3InitFinalize: 4 MB PSE mask 0000007fffffffff
00:00:09.958680 TM: TMR3InitFinalize: fTSCModeSwitchAllowed=true 
00:00:10.015023 VMM: Thread-context hooks unavailable
00:00:10.016818 HM: Using VT-x implementation 2.0
00:00:10.016822 HM: Host CR4                        = 0x1506f8
00:00:10.016826 HM: Host EFER                       = 0xd01
00:00:10.016828 HM: MSR_IA32_SMM_MONITOR_CTL        = 0x0
00:00:10.016830 HM: MSR_IA32_FEATURE_CONTROL        = 0x5
00:00:10.016832 HM: MSR_IA32_VMX_BASIC_INFO         = 0xda040000000012
00:00:10.016834 HM:   VMCS id                         = 0x12
00:00:10.016836 HM:   VMCS size                       = 1024 bytes
00:00:10.016838 HM:   VMCS physical address limit     = None
00:00:10.016840 HM:   VMCS memory type                = 0x6
00:00:10.016842 HM:   Dual-monitor treatment support  = true 
00:00:10.016844 HM:   OUTS & INS instruction-info     = true 
00:00:10.016846 HM: Max resume loops                = 1024
00:00:10.016848 HM: MSR_IA32_VMX_PINBASED_CTLS      = 0x7f00000016
00:00:10.016850 HM:   EXT_INT_EXIT
00:00:10.016852 HM:   NMI_EXIT
00:00:10.016853 HM:   VIRTUAL_NMI
00:00:10.016854 HM:   PREEMPT_TIMER
00:00:10.016855 HM:   POSTED_INTR (must be cleared)
00:00:10.016856 HM: MSR_IA32_VMX_PROCBASED_CTLS     = 0xfff9fffe0401e172
00:00:10.016859 HM:   INT_WINDOW_EXIT
00:00:10.016860 HM:   USE_TSC_OFFSETTING
00:00:10.016861 HM:   HLT_EXIT
00:00:10.016912 HM:   INVLPG_EXIT
00:00:10.016913 HM:   MWAIT_EXIT
00:00:10.016915 HM:   RDPMC_EXIT
00:00:10.016916 HM:   RDTSC_EXIT
00:00:10.016917 HM:   CR3_LOAD_EXIT (must be set)
00:00:10.016918 HM:   CR3_STORE_EXIT (must be set)
00:00:10.016919 HM:   CR8_LOAD_EXIT
00:00:10.016972 HM:   CR8_STORE_EXIT
00:00:10.016974 HM:   USE_TPR_SHADOW
00:00:10.016975 HM:   NMI_WINDOW_EXIT
00:00:10.016976 HM:   MOV_DR_EXIT
00:00:10.016977 HM:   UNCOND_IO_EXIT
00:00:10.016978 HM:   USE_IO_BITMAPS
00:00:10.016979 HM:   MONITOR_TRAP_FLAG
00:00:10.016981 HM:   USE_MSR_BITMAPS
00:00:10.016982 HM:   MONITOR_EXIT
00:00:10.016983 HM:   PAUSE_EXIT
00:00:10.016984 HM:   USE_SECONDARY_EXEC_CTRL
00:00:10.016985 HM: MSR_IA32_VMX_PROCBASED_CTLS2    = 0x53cff00000000
00:00:10.016988 HM:   VIRT_APIC
00:00:10.016989 HM:   EPT
00:00:10.016990 HM:   DESCRIPTOR_TABLE_EXIT
00:00:10.016991 HM:   RDTSCP
00:00:10.016992 HM:   VIRT_X2APIC
00:00:10.016993 HM:   VPID
00:00:10.016995 HM:   WBINVD_EXIT
00:00:10.016996 HM:   UNRESTRICTED_GUEST
00:00:10.016997 HM:   APIC_REG_VIRT (must be cleared)
00:00:10.016998 HM:   VIRT_INTR_DELIVERY (must be cleared)
00:00:10.017000 HM:   PAUSE_LOOP_EXIT
00:00:10.017001 HM:   RDRAND_EXIT
00:00:10.017002 HM:   INVPCID
00:00:10.017003 HM:   VMFUNC
00:00:10.017004 HM:   VMCS_SHADOWING (must be cleared)
00:00:10.017005 HM:   ENCLS_EXIT (must be cleared)
00:00:10.017007 HM:   RDSEED_EXIT
00:00:10.017008 HM:   PML (must be cleared)
00:00:10.017009 HM:   EPT_VE
00:00:10.017010 HM:   CONCEAL_FROM_PT (must be cleared)
00:00:10.017011 HM:   XSAVES_XRSTORS (must be cleared)
00:00:10.017012 HM:   TSC_SCALING (must be cleared)
00:00:10.017062 HM: MSR_IA32_VMX_ENTRY_CTLS         = 0xffff000011ff
00:00:10.017064 HM:   LOAD_DEBUG (must be set)
00:00:10.017066 HM:   IA32E_MODE_GUEST
00:00:10.017067 HM:   ENTRY_SMM
00:00:10.017068 HM:   DEACTIVATE_DUALMON
00:00:10.017069 HM:   LOAD_GUEST_PERF_MSR
00:00:10.017071 HM:   LOAD_GUEST_PAT_MSR
00:00:10.017072 HM:   LOAD_GUEST_EFER_MSR
00:00:10.017073 HM: MSR_IA32_VMX_EXIT_CTLS          = 0x7fffff00036dff
00:00:10.017075 HM:   SAVE_DEBUG (must be set)
00:00:10.017077 HM:   HOST_ADDR_SPACE_SIZE
00:00:10.017078 HM:   LOAD_PERF_MSR
00:00:10.017079 HM:   ACK_EXT_INT
00:00:10.017080 HM:   SAVE_GUEST_PAT_MSR
00:00:10.017081 HM:   LOAD_HOST_PAT_MSR
00:00:10.017082 HM:   SAVE_GUEST_EFER_MSR
00:00:10.017133 HM:   LOAD_HOST_EFER_MSR
00:00:10.017134 HM:   SAVE_VMX_PREEMPT_TIMER
00:00:10.017136 HM: MSR_IA32_VMX_EPT_VPID_CAP       = 0xf0106334141
00:00:10.017138 HM:   RWX_X_ONLY
00:00:10.017139 HM:   PAGE_WALK_LENGTH_4
00:00:10.017140 HM:   EMT_UC
00:00:10.017141 HM:   EMT_WB
00:00:10.017142 HM:   PDE_2M
00:00:10.017144 HM:   PDPTE_1G
00:00:10.017145 HM:   INVEPT
00:00:10.017146 HM:   EPT_ACCESS_DIRTY
00:00:10.017147 HM:   INVEPT_SINGLE_CONTEXT
00:00:10.017148 HM:   INVEPT_ALL_CONTEXTS
00:00:10.017149 HM:   INVVPID
00:00:10.017150 HM:   INVVPID_INDIV_ADDR
00:00:10.017152 HM:   INVVPID_SINGLE_CONTEXT
00:00:10.017153 HM:   INVVPID_ALL_CONTEXTS
00:00:10.017154 HM:   INVVPID_SINGLE_CONTEXT_RETAIN_GLOBALS
00:00:10.017155 HM: MSR_IA32_VMX_MISC               = 0x300481e5
00:00:10.017157 HM:   PREEMPT_TSC_BIT                 = 0x5
00:00:10.017159 HM:   STORE_EFERLMA_VMEXIT            = true 
00:00:10.017161 HM:   ACTIVITY_STATES                 = 0x7
00:00:10.017162 HM:   CR3_TARGET                      = 0x4
00:00:10.017164 HM:   MAX_MSR                         = 512
00:00:10.017166 HM:   RDMSR_SMBASE_MSR_SMM            = true 
00:00:10.017167 HM:   SMM_MONITOR_CTL_B2              = true 
00:00:10.017169 HM:   VMWRITE_VMEXIT_INFO             = true 
00:00:10.017170 HM:   MSEG_ID                         = 0x0
00:00:10.017172 HM: MSR_IA32_VMX_CR0_FIXED0         = 0x80000021
00:00:10.017174 HM: MSR_IA32_VMX_CR0_FIXED1         = 0xffffffff
00:00:10.017176 HM: MSR_IA32_VMX_CR4_FIXED0         = 0x2000
00:00:10.017178 HM: MSR_IA32_VMX_CR4_FIXED1         = 0x3727ff
00:00:10.017180 HM: MSR_IA32_VMX_VMCS_ENUM          = 0x2a
00:00:10.017183 HM:   HIGHEST_INDEX                   = 0x15
00:00:10.017185 HM: MSR_IA32_VMX_VMFUNC             = 0x1
00:00:10.017187 HM:   EPTP_SWITCHING
00:00:10.017188 HM: APIC-access page physaddr       = 0x0000000092fa6000
00:00:10.017190 HM: VCPU  0: MSR bitmap physaddr    = 0x0000000092fa0000
00:00:10.017194 HM: VCPU  0: VMCS physaddr          = 0x0000000092fa3000
00:00:10.017197 HM: Guest support: 32-bit and 64-bit
00:00:10.017211 HM: Supports VMCS EFER fields       = true 
00:00:10.017213 HM: Enabled VMX
00:00:10.017217 CPUM: SetGuestCpuIdFeature: Enabled SYSENTER/EXIT
00:00:10.017219 CPUM: SetGuestCpuIdFeature: Enabled PAE
00:00:10.017221 CPUM: SetGuestCpuIdFeature: Enabled LONG MODE
00:00:10.017222 CPUM: SetGuestCpuIdFeature: Enabled SYSCALL/RET
00:00:10.017224 CPUM: SetGuestCpuIdFeature: Enabled LAHF/SAHF
00:00:10.017225 CPUM: SetGuestCpuIdFeature: Enabled NX
00:00:10.017226 HM: Enabled nested paging
00:00:10.017227 HM:   EPT flush type                = VMXFLUSHEPT_SINGLE_CONTEXT
00:00:10.017229 HM: Enabled unrestricted guest execution
00:00:10.017230 HM: Enabled large page support
00:00:10.017232 HM: Enabled VPID
00:00:10.017233 HM:   VPID flush type               = VMXFLUSHVPID_SINGLE_CONTEXT
00:00:10.017234 HM: Enabled VMX-preemption timer (cPreemptTimerShift=5)
00:00:10.017236 HM: VT-x/AMD-V init method: LOCAL
00:00:10.017293 CPUM: VCPU  0: Cached APIC base MSR = 0xfee00900
00:00:10.017487 VMM: fUsePeriodicPreemptionTimers=false
00:00:10.017766 CPUM: Logical host processors: 4 present, 4 max, 4 online, online mask: 000000000000000f
00:00:10.017773 CPUM: Physical host cores: 2
00:00:10.017774 ************************* CPUID dump ************************
00:00:10.017882          Raw Standard CPUID Leaves
00:00:10.017884      Leaf/sub-leaf  eax      ebx      ecx      edx
00:00:10.017933 Gst: 00000000/0000  00000014 756e6547 6c65746e 49656e69
00:00:10.017938 Hst:                00000014 756e6547 6c65746e 49656e69
00:00:10.017941 Gst: 00000001/0000  000306d4 00000800 d6d8220b 078bfbff
00:00:10.017945 Hst:                000306d4 01100800 7ffafbbf bfebfbff
00:00:10.017948 Gst: 00000002/0000  76036301 00f0b5ff 00000000 00c30000
00:00:10.017951 Hst:                76036301 00f0b5ff 00000000 00c30000
00:00:10.017954 Gst: 00000003/0000  00000000 00000000 00000000 00000000
00:00:10.017956 Hst:                00000000 00000000 00000000 00000000
00:00:10.017959 Gst: 00000004/0000  00000121 01c0003f 0000003f 00000000
00:00:10.017962 Hst:                1c004121 01c0003f 0000003f 00000000
00:00:10.017964 Gst: 00000004/0001  00000122 01c0003f 0000003f 00000000
00:00:10.017967 Hst:                1c004122 01c0003f 0000003f 00000000
00:00:10.017969 Gst: 00000004/0002  00000143 01c0003f 000001ff 00000000
00:00:10.017972 Hst:                1c004143 01c0003f 000001ff 00000000
00:00:10.017974 Gst: 00000004/0003  00000163 02c0003f 00000fff 00000006
00:00:10.017977 Hst:                1c03c163 02c0003f 00000fff 00000006
00:00:10.017980 Gst: 00000004/0004  00000000 00000000 00000000 00000000
00:00:10.017982 Hst:                00000000 00000000 00000000 00000000
00:00:10.017984 Gst: 00000005/0000  00000040 00000040 00000000 00000000
00:00:10.017987 Hst:                00000040 00000040 00000003 11142120
00:00:10.017989 Gst: 00000006/0000  00000000 00000000 00000000 00000000
00:00:10.017992 Hst:                00000077 00000002 00000009 00000000
00:00:10.017994 Gst: 00000007/0000  00000000 00042000 00000000 00000000
00:00:10.017996 Hst:                00000000 021c27ab 00000000 00000000
00:00:10.017999 Gst: 00000007/0001  00000000 00000000 00000000 00000000
00:00:10.018001 Hst:                00000000 00000000 00000000 00000000
00:00:10.018003 Gst: 00000008/0000  00000000 00000000 00000000 00000000
00:00:10.018006 Hst:                00000000 00000000 00000000 00000000
00:00:10.018008 Gst: 00000009/0000  00000000 00000000 00000000 00000000
00:00:10.018010 Hst:                00000000 00000000 00000000 00000000
00:00:10.018013 Gst: 0000000a/0000  00000000 00000000 00000000 00000000
00:00:10.018015 Hst:                07300403 00000000 00000000 00000603
00:00:10.018017 Gst: 0000000b/0000  00000000 00000001 00000100 00000000
00:00:10.018020 Hst:                00000001 00000002 00000100 00000001
00:00:10.018022 Gst: 0000000b/0001  00000001 00000001 00000201 00000000
00:00:10.018024 Hst:                00000004 00000004 00000201 00000001
00:00:10.018026 Gst: 0000000b/0002  00000000 00000000 00000002 00000000
00:00:10.018029 Hst:                00000000 00000000 00000002 00000001
00:00:10.018031 Gst: 0000000c/0000  00000000 00000000 00000000 00000000
00:00:10.018033 Hst:                00000000 00000001 00000001 00000000
00:00:10.018035 Hst: 0000000d/0000  00000007 00000340 00000340 00000000
00:00:10.018038 Hst: 0000000d/0001  00000001 00000000 00000000 00000000
00:00:10.018041 Hst: 0000000d/0002  00000100 00000240 00000000 00000000
00:00:10.018078 Hst: 0000000e/0000  00000000 00000000 00000000 00000000
00:00:10.018082 Hst: 0000000f/0000  00000000 00000000 00000000 00000000
00:00:10.018084 Hst: 00000010/0000  00000000 00000000 00000000 00000000
00:00:10.018087 Hst: 00000011/0000  00000000 00000000 00000000 00000000
00:00:10.018090 Hst: 00000012/0000  00000000 00000000 00000000 00000000
00:00:10.018093 Hst: 00000013/0000  00000000 00000000 00000000 00000000
00:00:10.018095 Hst: 00000014/0000  00000000 00000001 00000001 00000000
00:00:10.018098                                Name: GenuineIntel
00:00:10.018101                            Supports: 0x00000000-0x00000014
00:00:10.018200                              Family:  6 	Extended: 0 	Effective: 6
00:00:10.018204                               Model: 13 	Extended: 3 	Effective: 61
00:00:10.018208                            Stepping: 4
00:00:10.018210                                Type: 0 (primary)
00:00:10.018213                             APIC ID: 0x00
00:00:10.018215                        Logical CPUs: 0
00:00:10.018217                        CLFLUSH Size: 8
00:00:10.018219                            Brand ID: 0x00
00:00:10.018222 Features
00:00:10.018223   Mnemonic - Description                                  = guest (host)
00:00:10.018225   FPU - x87 FPU on Chip                                   = 1 (1)
00:00:10.018229   VME - Virtual 8086 Mode Enhancements                    = 1 (1)
00:00:10.018231   DE - Debugging extensions                               = 1 (1)
00:00:10.018235   PSE - Page Size Extension                               = 1 (1)
00:00:10.018237   TSC - Time Stamp Counter                                = 1 (1)
00:00:10.018241   MSR - Model Specific Registers                          = 1 (1)
00:00:10.018244   PAE - Physical Address Extension                        = 1 (1)
00:00:10.018246   MCE - Machine Check Exception                           = 1 (1)
00:00:10.018249   CX8 - CMPXCHG8B instruction                             = 1 (1)
00:00:10.018252   APIC - APIC On-Chip                                     = 1 (1)
00:00:10.018256   SEP - SYSENTER and SYSEXIT Present                      = 1 (1)
00:00:10.018259   MTRR - Memory Type Range Registers                      = 1 (1)
00:00:10.018262   PGE - PTE Global Bit                                    = 1 (1)
00:00:10.018265   MCA - Machine Check Architecture                        = 1 (1)
00:00:10.018268   CMOV - Conditional Move instructions                    = 1 (1)
00:00:10.018271   PAT - Page Attribute Table                              = 1 (1)
00:00:10.018274   PSE-36 - 36-bit Page Size Extension                     = 1 (1)
00:00:10.018277   PSN - Processor Serial Number                           = 0 (0)
00:00:10.018280   CLFSH - CLFLUSH instruction                             = 1 (1)
00:00:10.018283   DS - Debug Store                                        = 0 (1)
00:00:10.018286   ACPI - Thermal Mon. & Soft. Clock Ctrl.                 = 0 (1)
00:00:10.018288   MMX - Intel MMX Technology                              = 1 (1)
00:00:10.018291   FXSR - FXSAVE and FXRSTOR instructions                  = 1 (1)
00:00:10.018294   SSE - SSE support                                       = 1 (1)
00:00:10.018297   SSE2 - SSE2 support                                     = 1 (1)
00:00:10.018301   SS - Self Snoop                                         = 0 (1)
00:00:10.018305   HTT - Hyper-Threading Technology                        = 0 (1)
00:00:10.018307   TM - Therm. Monitor                                     = 0 (1)
00:00:10.018311   PBE - Pending Break Enabled                             = 0 (1)
00:00:10.018313   SSE3 - SSE3 support                                     = 1 (1)
00:00:10.018316   PCLMUL - PCLMULQDQ support (for AES-GCM)                = 1 (1)
00:00:10.018319   DTES64 - DS Area 64-bit Layout                          = 0 (1)
00:00:10.018322   MONITOR - MONITOR/MWAIT instructions                    = 1 (1)
00:00:10.018325   CPL-DS - CPL Qualified Debug Store                      = 0 (1)
00:00:10.018328   VMX - Virtual Machine Extensions                        = 0 (1)
00:00:10.018330   SMX - Safer Mode Extensions                             = 0 (0)
00:00:10.018333   EST - Enhanced SpeedStep Technology                     = 0 (1)
00:00:10.018336   TM2 - Terminal Monitor 2                                = 0 (1)
00:00:10.018339   SSSE3 - Supplemental Streaming SIMD Extensions 3        = 1 (1)
00:00:10.018341   CNTX-ID - L1 Context ID                                 = 0 (0)
00:00:10.018344   SDBG - Silicon Debug interface                          = 0 (1)
00:00:10.018347   FMA - Fused Multiply Add extensions                     = 0 (1)
00:00:10.018349   CX16 - CMPXCHG16B instruction                           = 1 (1)
00:00:10.018352   TPRUPDATE - xTPR Update Control                         = 0 (1)
00:00:10.018355   PDCM - Perf/Debug Capability MSR                        = 0 (1)
00:00:10.018358   PCID - Process Context Identifiers                      = 0 (1)
00:00:10.018361   DCA - Direct Cache Access                               = 0 (0)
00:00:10.018364   SSE4_1 - SSE4_1 support                                 = 1 (1)
00:00:10.018366   SSE4_2 - SSE4_2 support                                 = 1 (1)
00:00:10.018369   X2APIC - x2APIC support                                 = 0 (1)
00:00:10.018372   MOVBE - MOVBE instruction                               = 1 (1)
00:00:10.018375   POPCNT - POPCNT instruction                             = 1 (1)
00:00:10.018378   TSCDEADL - Time Stamp Counter Deadline                  = 0 (1)
00:00:10.018381   AES - AES instructions                                  = 1 (1)
00:00:10.018384   XSAVE - XSAVE instruction                               = 1 (1)
00:00:10.018387   OSXSAVE - OSXSAVE instruction                           = 0 (1)
00:00:10.018389   AVX - AVX support                                       = 1 (1)
00:00:10.018393   F16C - 16-bit floating point conversion instructions    = 0 (1)
00:00:10.018449   RDRAND - RDRAND instruction                             = 1 (1)
00:00:10.018452   HVP - Hypervisor Present (we're a guest)                = 1 (0)
00:00:10.018455 Structured Extended Feature Flags Enumeration (leaf 7):
00:00:10.018456   Mnemonic - Description                                  = guest (host)
00:00:10.018457   FSGSBASE - RDFSBASE/RDGSBASE/WRFSBASE/WRGSBASE instr.   = 0 (1)
00:00:10.018460   TSCADJUST - Supports MSR_IA32_TSC_ADJUST                = 0 (1)
00:00:10.018462   SGX - Supports Software Guard Extensions                = 0 (0)
00:00:10.018465   BMI1 - Advanced Bit Manipulation extension 1            = 0 (1)
00:00:10.018467   HLE - Hardware Lock Elision                             = 0 (0)
00:00:10.018470   AVX2 - Advanced Vector Extensions 2                     = 0 (1)
00:00:10.018472   FDP_EXCPTN_ONLY - FPU DP only updated on exceptions     = 0 (0)
00:00:10.018475   SMEP - Supervisor Mode Execution Prevention             = 0 (1)
00:00:10.018477   BMI2 - Advanced Bit Manipulation extension 2            = 0 (1)
00:00:10.018480   ERMS - Enhanced REP MOVSB/STOSB instructions            = 0 (1)
00:00:10.018482   INVPCID - INVPCID instruction                           = 0 (1)
00:00:10.018485   RTM - Restricted Transactional Memory                   = 0 (0)
00:00:10.018488   PQM - Platform Quality of Service Monitoring            = 0 (0)
00:00:10.018491   DEPFPU_CS_DS - Deprecates FPU CS, FPU DS values if set  = 1 (1)
00:00:10.018493   MPE - Intel Memory Protection Extensions                = 0 (0)
00:00:10.018496   PQE - Platform Quality of Service Enforcement           = 0 (0)
00:00:10.018499   AVX512F - AVX512 Foundation instructions                = 0 (0)
00:00:10.018501   RDSEED - RDSEED instruction                             = 1 (1)
00:00:10.018504   ADX - ADCX/ADOX instructions                            = 0 (1)
00:00:10.018506   SMAP - Supervisor Mode Access Prevention                = 0 (1)
00:00:10.018509   CLFLUSHOPT - CLFLUSHOPT (Cache Line Flush) instruction  = 0 (0)
00:00:10.018511   INTEL_PT - Intel Processor Trace                        = 0 (1)
00:00:10.018514   AVX512PF - AVX512 Prefetch instructions                 = 0 (0)
00:00:10.018517   AVX512ER - AVX512 Exponential & Reciprocal instructions = 0 (0)
00:00:10.018519   AVX512CD - AVX512 Conflict Detection instructions       = 0 (0)
00:00:10.018522   SHA - Secure Hash Algorithm extensions                  = 0 (0)
00:00:10.018525   PREFETCHWT1 - PREFETCHWT1 instruction                   = 0 (0)
00:00:10.018528   PKU - Protection Key for Usermode pages                 = 0 (0)
00:00:10.018530   OSPKU - CR4.PKU mirror                                  = 0 (0)
00:00:10.018582 Processor Extended State Enumeration (leaf 0xd):
00:00:10.018584    XSAVE area cur/max size by XCR0, guest: 0x340/0x340
00:00:10.018586     XSAVE area cur/max size by XCR0, host: 0x340/0x340
00:00:10.018588                    Valid XCR0 bits, guest: 0x00000000`00000007 ( x87 SSE YMM_Hi128 )
00:00:10.018593                     Valid XCR0 bits, host: 0x00000000`00000007 ( x87 SSE YMM_Hi128 )
00:00:10.018598                     XSAVE features, guest:
00:00:10.018600                      XSAVE features, host: XSAVEOPT
00:00:10.018603       XSAVE area cur size XCR0|XSS, guest: 0x0
00:00:10.018605        XSAVE area cur size XCR0|XSS, host: 0x0
00:00:10.018607                Valid IA32_XSS bits, guest: 0x00000000`00000000
00:00:10.018609                 Valid IA32_XSS bits, host: 0x00000000`00000000
00:00:10.018612   State #2, guest: off=0x0240, cb=0x0100 IA32_XSS-bit -- YMM_Hi128
00:00:10.018616   State #2, host:  off=0x0240, cb=0x0100 IA32_XSS-bit -- YMM_Hi128
00:00:10.018637          Unknown CPUID Leaves
00:00:10.018639      Leaf/sub-leaf  eax      ebx      ecx      edx
00:00:10.018640 Gst: 0000000c/0001  00000000 00000000 00000000 00000000
00:00:10.018643 Hst:                00000000 00000000 00000000 00000000
00:00:10.018645 Gst: 0000000d/0000  00000007 00000340 00000340 00000000
00:00:10.018648 Hst:                00000007 00000340 00000340 00000000
00:00:10.018651 Gst: 0000000d/0001  00000000 00000000 00000000 00000000
00:00:10.018653 Hst:                00000001 00000000 00000000 00000000
00:00:10.018655 Gst: 0000000d/0002  00000100 00000240 00000000 00000000
00:00:10.018658 Hst:                00000100 00000240 00000000 00000000
00:00:10.018660 Gst: 0000000d/0003  00000000 00000000 00000000 00000000
00:00:10.018662 Hst:                00000000 00000000 00000000 00000000
00:00:10.018666 Gst: 0000000e/0000  00000000 00000000 00000000 00000000
00:00:10.018668 Hst:                00000000 00000000 00000000 00000000
00:00:10.018670 Gst: 0000000f/0000  00000000 00000000 00000000 00000000
00:00:10.018672 Hst:                00000000 00000000 00000000 00000000
00:00:10.018674 Gst: 00000010/0000  00000000 00000000 00000000 00000000
00:00:10.018676 Hst:                00000000 00000000 00000000 00000000
00:00:10.018678 Gst: 00000011/0000  00000000 00000000 00000000 00000000
00:00:10.018681 Hst:                00000000 00000000 00000000 00000000
00:00:10.018683 Gst: 00000012/0000  00000000 00000000 00000000 00000000
00:00:10.018685 Hst:                00000000 00000000 00000000 00000000
00:00:10.018687 Gst: 00000013/0000  00000000 00000000 00000000 00000000
00:00:10.018689 Hst:                00000000 00000000 00000000 00000000
00:00:10.018690 Gst: 00000014/0000  00000000 00000000 00000000 00000000
00:00:10.018692 Hst:                00000000 00000001 00000001 00000000
00:00:10.018695 Gst: 00000014/0001  00000000 00000000 00000000 00000000
00:00:10.018697 Hst:                00000000 00000000 00000000 00000000
00:00:10.018699          Raw Hypervisor CPUID Leaves
00:00:10.018701      Leaf/sub-leaf  eax      ebx      ecx      edx
00:00:10.018702 Gst: 40000000/0000  40000001 4b4d564b 564b4d56 0000004d
00:00:10.018706 Hst:                00000000 00000001 00000001 00000000
00:00:10.018708 Gst: 40000001/0000  01000089 00000000 00000000 00000000
00:00:10.018711 Hst:                00000000 00000001 00000001 00000000
00:00:10.018713          Raw Extended CPUID Leaves
00:00:10.018714      Leaf/sub-leaf  eax      ebx      ecx      edx
00:00:10.018715 Gst: 80000000/0000  80000008 00000000 00000000 00000000
00:00:10.018718 Hst:                80000008 00000000 00000000 00000000
00:00:10.018720 Gst: 80000001/0000  00000000 00000000 00000121 28100800
00:00:10.018722 Hst:                00000000 00000000 00000121 2c100800
00:00:10.018725 Gst: 80000002/0000  65746e49 2952286c 726f4320 4d542865
00:00:10.018728 Hst:                65746e49 2952286c 726f4320 4d542865
00:00:10.018732 Gst: 80000003/0000  35692029 3032352d 43205530 40205550
00:00:10.018735 Hst:                35692029 3032352d 43205530 40205550
00:00:10.018738 Gst: 80000004/0000  322e3220 7a484730 00000000 00000000
00:00:10.018741 Hst:                322e3220 7a484730 00000000 00000000
00:00:10.018743 Gst: 80000005/0000  00000000 00000000 00000000 00000000
00:00:10.018746 Hst:                00000000 00000000 00000000 00000000
00:00:10.018748 Gst: 80000006/0000  00000000 00000000 01006040 00000000
00:00:10.018751 Hst:                00000000 00000000 01006040 00000000
00:00:10.018753 Gst: 80000007/0000  00000000 00000000 00000000 00000100
00:00:10.018756 Hst:                00000000 00000000 00000000 00000100
00:00:10.018758 Gst: 80000008/0000  00003027 00000000 00000000 00000000
00:00:10.018760 Hst:                00003027 00000000 00000000 00000000
00:00:10.018763 Ext Name:                        
00:00:10.018764 Ext Supports:                    0x80000000-0x80000008
00:00:10.018766 Family:                          0  	Extended: 0 	Effective: 0
00:00:10.018768 Model:                           0  	Extended: 0 	Effective: 0
00:00:10.018770 Stepping:                        0
00:00:10.018771 Brand ID:                        0x000
00:00:10.018773 Ext Features
00:00:10.018774   Mnemonic - Description                                  = guest (host)
00:00:10.018776   FPU - x87 FPU on Chip                                   = 0 (0)
00:00:10.018779   VME - Virtual 8086 Mode Enhancements                    = 0 (0)
00:00:10.018782   DE - Debugging extensions                               = 0 (0)
00:00:10.018785   PSE - Page Size Extension                               = 0 (0)
00:00:10.018788   TSC - Time Stamp Counter                                = 0 (0)
00:00:10.018792   MSR - K86 Model Specific Registers                      = 0 (0)
00:00:10.018795   PAE - Physical Address Extension                        = 0 (0)
00:00:10.018798   MCE - Machine Check Exception                           = 0 (0)
00:00:10.018800   CX8 - CMPXCHG8B instruction                             = 0 (0)
00:00:10.018803   APIC - APIC On-Chip                                     = 0 (0)
00:00:10.018806   SEP - SYSCALL/SYSRET                                    = 1 (1)
00:00:10.018809   MTRR - Memory Type Range Registers                      = 0 (0)
00:00:10.018811   PGE - PTE Global Bit                                    = 0 (0)
00:00:10.018815   MCA - Machine Check Architecture                        = 0 (0)
00:00:10.018818   CMOV - Conditional Move instructions                    = 0 (0)
00:00:10.018820   PAT - Page Attribute Table                              = 0 (0)
00:00:10.018824   PSE-36 - 36-bit Page Size Extension                     = 0 (0)
00:00:10.018827   NX - No-Execute/Execute-Disable                         = 1 (1)
00:00:10.018830   AXMMX - AMD Extensions to MMX instructions              = 0 (0)
00:00:10.018833   MMX - Intel MMX Technology                              = 0 (0)
00:00:10.018835   FXSR - FXSAVE and FXRSTOR Instructions                  = 0 (0)
00:00:10.018838   FFXSR - AMD fast FXSAVE and FXRSTOR instructions        = 0 (0)
00:00:10.018840   Page1GB - 1 GB large page                               = 0 (1)
00:00:10.018843   RDTSCP - RDTSCP instruction                             = 1 (1)
00:00:10.018846   LM - AMD64 Long Mode                                    = 1 (1)
00:00:10.018849   3DNOWEXT - AMD Extensions to 3DNow                      = 0 (0)
00:00:10.018851   3DNOW - AMD 3DNow                                       = 0 (0)
00:00:10.018855   LahfSahf - LAHF/SAHF support in 64-bit mode             = 1 (1)
00:00:10.018857   CmpLegacy - Core multi-processing legacy mode           = 0 (0)
00:00:10.018860   SVM - AMD Secure Virtual Machine extensions             = 0 (0)
00:00:10.018863   EXTAPIC - AMD Extended APIC registers                   = 0 (0)
00:00:10.018865   CR8L - AMD LOCK MOV CR0 means MOV CR8                   = 0 (0)
00:00:10.018868   ABM - AMD Advanced Bit Manipulation                     = 1 (1)
00:00:10.018871   SSE4A - SSE4A instructions                              = 0 (0)
00:00:10.018874   MISALIGNSSE - AMD Misaligned SSE mode                   = 0 (0)
00:00:10.018877   3DNOWPRF - AMD PREFETCH and PREFETCHW instructions      = 1 (1)
00:00:10.018879   OSVW - AMD OS Visible Workaround                        = 0 (0)
00:00:10.018882   IBS - Instruct Based Sampling                           = 0 (0)
00:00:10.018885   XOP - Extended Operation support                        = 0 (0)
00:00:10.018888   SKINIT - SKINIT, STGI, and DEV support                  = 0 (0)
00:00:10.018891   WDT - AMD Watchdog Timer support                        = 0 (0)
00:00:10.018894   LWP - Lightweight Profiling support                     = 0 (0)
00:00:10.018897   FMA4 - Four operand FMA instruction support             = 0 (0)
00:00:10.018899   NodeId - NodeId in MSR C001_100C                        = 0 (0)
00:00:10.018902   TBM - Trailing Bit Manipulation instructions            = 0 (0)
00:00:10.018904   TOPOEXT - Topology Extensions                           = 0 (0)
00:00:10.018908 Full Name:                       "Intel(R) Core(TM) i5-5200U CPU @ 2.20GHz"
00:00:10.018910 TLB 2/4M Instr/Uni:              res0     0 entries
00:00:10.018912 TLB 2/4M Data:                   res0     0 entries
00:00:10.018914 TLB 4K Instr/Uni:                res0     0 entries
00:00:10.018916 TLB 4K Data:                     res0     0 entries
00:00:10.018917 L1 Instr Cache Line Size:        0 bytes
00:00:10.018919 L1 Instr Cache Lines Per Tag:    0
00:00:10.018920 L1 Instr Cache Associativity:    res0  
00:00:10.018921 L1 Instr Cache Size:             0 KB
00:00:10.018922 L1 Data Cache Line Size:         0 bytes
00:00:10.018924 L1 Data Cache Lines Per Tag:     0
00:00:10.018925 L1 Data Cache Associativity:     res0  
00:00:10.018926 L1 Data Cache Size:              0 KB
00:00:10.018928 L2 TLB 2/4M Instr/Uni:           off       0 entries
00:00:10.018929 L2 TLB 2/4M Data:                off       0 entries
00:00:10.018931 L2 TLB 4K Instr/Uni:             off       0 entries
00:00:10.018932 L2 TLB 4K Data:                  off       0 entries
00:00:10.018934 L2 Cache Line Size:              0 bytes
00:00:10.018935 L2 Cache Lines Per Tag:          0
00:00:10.018936 L2 Cache Associativity:          off   
00:00:10.018937 L2 Cache Size:                   0 KB
00:00:10.018939 APM Features:                    TscInvariant
00:00:10.018941 Host Invariant-TSC support:      true 
00:00:10.018944 Physical Address Width:          39 bits
00:00:10.018945 Virtual Address Width:           48 bits
00:00:10.018946 Guest Physical Address Width:    0 bits
00:00:10.018948 Physical Core Count:             1
00:00:10.018950 
00:00:10.018952 ******************** End of CPUID dump **********************
00:00:10.068143 PcBios: SATA LUN#0 LCHS=1024/255/63
00:00:10.068324 PcBios: SATA LUN#1 LCHS=1024/255/63
00:00:10.068483 APIC: fPostedIntrsEnabled=false fVirtApicRegsEnabled=false fSupportsTscDeadline=false
00:00:10.068606 VMEmt: Halt method global1 (5)
00:00:10.068745 VMEmt: HaltedGlobal1 config: cNsSpinBlockThresholdCfg=50000
00:00:10.068817 Changing the VM state from 'CREATING' to 'CREATED'
00:00:10.070303 SharedFolders host service: Adding host mapping
00:00:10.070432     Host path '\\?\c:\Users', map name 'c/Users', writable, automount=true, create_symlinks=true, missing=false
00:00:10.070772 Changing the VM state from 'CREATED' to 'POWERING_ON'
00:00:10.071075 Changing the VM state from 'POWERING_ON' to 'RUNNING'
00:00:10.071185 Console: Machine state changed to 'Running'
00:00:10.082057 VMMDev: Guest Log: BIOS: VirtualBox 5.1.24
00:00:10.085276 PIT: mode=2 count=0x10000 (65536) - 18.20 Hz (ch=0)
00:00:10.105003 Display::handleDisplayResize: uScreenId=0 pvVRAM=0000000000000000 w=720 h=400 bpp=0 cbLine=0x0 flags=0x0
00:00:10.133144 AHCI#0: Reset the HBA
00:00:10.133372 AHCI#0: Port 0 reset
00:00:10.133742 AHCI#0: Port 1 reset
00:00:10.134719 VMMDev: Guest Log: BIOS: AHCI 1-P#1: PCHS=16383/16/63 LCHS=1024/255/63 0x0000000002710000 sectors
00:00:10.134899 AHCI#0: Port 2 reset
00:00:10.135088 AHCI#0: Port 3 reset
00:00:10.135281 AHCI#0: Port 4 reset
00:00:10.135582 AHCI#0: Port 5 reset
00:00:10.135897 AHCI#0: Port 6 reset
00:00:10.136196 AHCI#0: Port 7 reset
00:00:10.136507 AHCI#0: Port 8 reset
00:00:10.136804 AHCI#0: Port 9 reset
00:00:10.137090 AHCI#0: Port 10 reset
00:00:10.137362 AHCI#0: Port 11 reset
00:00:10.137574 AHCI#0: Port 12 reset
00:00:10.137768 AHCI#0: Port 13 reset
00:00:10.137954 AHCI#0: Port 14 reset
00:00:10.138146 AHCI#0: Port 15 reset
00:00:10.138433 AHCI#0: Port 16 reset
00:00:10.138728 AHCI#0: Port 17 reset
00:00:10.138997 AHCI#0: Port 18 reset
00:00:10.139271 AHCI#0: Port 19 reset
00:00:10.139503 AHCI#0: Port 20 reset
00:00:10.139713 AHCI#0: Port 21 reset
00:00:10.139904 AHCI#0: Port 22 reset
00:00:10.140119 AHCI#0: Port 23 reset
00:00:10.140319 AHCI#0: Port 24 reset
00:00:10.140506 AHCI#0: Port 25 reset
00:00:10.140698 AHCI#0: Port 26 reset
00:00:10.140882 AHCI#0: Port 27 reset
00:00:10.141069 AHCI#0: Port 28 reset
00:00:10.141261 AHCI#0: Port 29 reset
00:00:10.142614 PIT: mode=2 count=0x48d3 (18643) - 64.00 Hz (ch=0)
00:00:10.161940 PIT: mode=2 count=0x10000 (65536) - 18.20 Hz (ch=0)
00:00:10.162710 VMMDev: Guest Log: BIOS: Boot : bseqnr=1, bootseq=0233
00:00:10.164201 VMMDev: Guest Log: BIOS: Booting from CD-ROM...
00:00:10.769260 NAT: Old socket recv size: 64KB
00:00:10.769685 NAT: Old socket send size: 64KB
00:00:11.088859 VMMDev: Guest Log: BIOS: KBD: unsupported int 16h function 03
00:00:11.090167 VMMDev: Guest Log: BIOS: AX=0305 BX=0000 CX=0000 DX=0000 
00:00:12.066474 GIM: KVM: VCPU  0: Enabled system-time struct. at 0x000000003ffef000 - u32TscScale=0xe9440127 i8TscShift=-1 uVersion=2 fFlags=0x1 uTsc=0x104ec6c85 uVirtNanoTS=0x76e435a5
00:00:12.066639 TM: Switching TSC mode from 'Dynamic' to 'RealTscOffset'
00:00:12.197207 GIM: KVM: Enabled wall-clock struct. at 0x0000000001c90388 - u32Sec=1502736386 u32Nano=213189600 uVersion=2
00:00:36.854738 AHCI#0: Reset the HBA
00:00:36.888482 AHCI#0: Port 0 reset
00:00:37.232489 AHCI#0: Port 1 reset
00:00:52.504565 VMMDev: Guest Additions information report: Version 5.1.22 r115126 '5.1.22'
00:00:52.505011 VMMDev: Guest Additions information report: Interface = 0x00010004 osType = 0x00053100 (Linux >= 2.6, 64-bit)
00:00:52.508515 VMMDev: Guest Additions capability report: (0x0 -> 0x0) seamless: no, hostWindowMapping: no, graphics: no
00:00:52.511754 VMMDev: Guest reported fixed hypervisor window at 00001000000 LB 0x800000 (rc=VINF_SUCCESS)
00:00:52.534908 VMMDev: vmmDevReqHandler_HeartbeatConfigure: No change (fHeartbeatActive=false).
00:00:52.535382 VMMDev: Heartbeat flatline timer set to trigger after 4 000 000 000 ns
00:00:52.584505 VMMDev: Guest Log: vgdrvHeartbeatInit: Setting up heartbeat to trigger every 2000 milliseconds
00:00:52.587655 VMMDev: Guest Log: vboxguest: misc device minor 56, IRQ 20, I/O port d020, MMIO at 00000000f0400000 (size 0x400000)
00:00:54.487791 NAT: Link up
00:01:12.612407 NAT: DHCP offered IP address 10.0.2.15
00:01:12.615205 NAT: DHCP offered IP address 10.0.2.15
00:01:13.678300 VMMDev: Guest Log: VBoxService 5.1.22 r115126 (verbosity: 0) linux.amd64 (Apr 28 2017 17:25:51) release log
00:01:13.678612 VMMDev: Guest Log: 00:00:00.000235 main     Log opened 2017-08-14T18:47:26.586862000Z
00:01:13.684540 VMMDev: Guest Log: 00:00:00.006528 main     OS Product: Linux
00:01:13.684928 VMMDev: Guest Log: 00:00:00.006968 main     OS Release: 4.4.74-boot2docker
00:01:13.685311 VMMDev: Guest Log: 00:00:00.007349 main     OS Version: #1 SMP Mon Jun 26 18:01:14 UTC 2017
00:01:13.685878 VMMDev: Guest Log: 00:00:00.007800 main     Executable: /sbin/VBoxService
00:01:13.686171 VMMDev: Guest Log: 00:00:00.007806 main     Process ID: 2260
00:01:13.686434 VMMDev: Guest Log: 00:00:00.007810 main     Package type: LINUX_64BITS_GENERIC
00:01:13.699523 VMMDev: Guest Log: 00:00:00.021489 main     5.1.22 r115126 started. Verbose level = 0
00:01:13.752850 VMMDev: Guest Log: 00:00:00.074797 vminfo   rtldrNativeLoad: dlopen('libdbus-1.so.3', RTLD_NOW | RTLD_LOCAL) failed: libdbus-1.so.3: cannot open shared object file: No such file or directory
00:01:13.753316 VMMDev: Guest Log: 00:00:00.075278 vminfo   Error: Unable to connect to system D-Bus (1/3): D-Bus not installed
00:01:13.754964 VMMDev: Guest Additions capability report: (0x0 -> 0x0) seamless: no, hostWindowMapping: no, graphics: no
00:01:14.969960 NAT: IPv6 not supported
00:01:18.762692 VMMDev: Guest Log: 00:00:05.086892 vminfo   Error: Unable to connect to system D-Bus (2/3): D-Bus not installed
00:01:23.762763 VMMDev: Guest Log: 00:00:10.089520 vminfo   Error: Unable to connect to system D-Bus (3/3): D-Bus not installed
